#
# A fatal error has been detected by the Java Runtime Environment:
#
#  EXCEPTION_ILLEGAL_INSTRUCTION (0xc000001d) at pc=0x0000016387f31392, pid=3564, tid=7952
#
# JRE version: Java(TM) SE Runtime Environment (11.0.2+9) (build 11.0.2+9-LTS)
# Java VM: Java HotSpot(TM) 64-Bit Server VM (11.0.2+9-LTS, mixed mode, tiered, compressed oops, g1 gc, windows-amd64)
# Problematic frame:
# J 6334% c2 dd.ab(II)V (1314 bytes) @ 0x0000016387f31392 [0x0000016387f30c40+0x0000000000000752]
#
# No core dump will be written. Minidumps are not enabled by default on client versions of Windows
#
# If you would like to submit a bug report, please visit:
#   http://bugreport.java.com/bugreport/crash.jsp
#

---------------  S U M M A R Y ------------

Command Line: -Dfile.encoding=windows-1252 -Duser.country=US -Duser.language=en -Duser.variant -ea dev.pelletier2017.runelite.boltsounds.BoltSoundPluginTest

Host: AMD Ryzen 7 2700X Eight-Core Processor         , 16 cores, 15G,  Windows 10 , 64 bit Build 19041 (10.0.19041.3570)
Time: Tue Nov  7 05:31:17 2023 Eastern Standard Time elapsed time: 6 seconds (0d 0h 0m 6s)

---------------  T H R E A D  ---------------

Current thread (0x000001639b428000):  JavaThread "Client" daemon [_thread_in_Java, id=7952, stack(0x0000001d6b400000,0x0000001d6b500000)]

Stack: [0x0000001d6b400000,0x0000001d6b500000],  sp=0x0000001d6b4ff150,  free space=1020k
Native frames: (J=compiled Java code, j=interpreted, Vv=VM code, C=native code)
C  0x0000016387f31392


siginfo: EXCEPTION_ILLEGAL_INSTRUCTION (0xc000001d)


Register to memory mapping:

RIP=0x0000016387f31392 is at entry_point+1874 in (nmethod*)0x0000016387f30a90
RAX=0x0 is NULL
RBX=0x0000000000000080 is an unknown value
RCX=0x0000000000000001 is an unknown value
RDX=0x0000000000000101 is an unknown value
RSP=0x0000001d6b4ff150 is pointing into the stack for thread: 0x000001639b428000
RBP=0x0000000000000081 is an unknown value
RSI=0x0 is NULL
RDI=0x000000070784fa90 is an oop: [I 
{0x000000070784fa90} - klass: {type array int}
 - length: 32768
R8 =0x0000000000000081 is an unknown value
R9 =0xffffffffffffff81 is an unknown value
R10=0x00000000000000fe is an unknown value
R11=0x0000000000000001 is an unknown value
R12=0x0 is NULL
R13=0x0000000000000001 is an unknown value
R14=0x0000000707700000 is an oop: [I 
{0x0000000707700000} - klass: {type array int}
 - length: 32768
R15=0x000001639b428000 is a thread


Registers:
RAX=0x0000000000000000, RBX=0x0000000000000080, RCX=0x0000000000000001, RDX=0x0000000000000101
RSP=0x0000001d6b4ff150, RBP=0x0000000000000081, RSI=0x0000000000000000, RDI=0x000000070784fa90
R8 =0x0000000000000081, R9 =0xffffffffffffff81, R10=0x00000000000000fe, R11=0x0000000000000001
R12=0x0000000000000000, R13=0x0000000000000001, R14=0x0000000707700000, R15=0x000001639b428000
RIP=0x0000016387f31392, EFLAGS=0x0000000000010286

Top of Stack: (sp=0x0000001d6b4ff150)
0x0000001d6b4ff150:   0000016380009e67 deaddeaf00000000
0x0000001d6b4ff160:   deaddeaf00000080 deaddeaf00000000
0x0000001d6b4ff170:   0000008000008000 0000000000008000
0x0000001d6b4ff180:   0000000000000001 00000000ffffff81
0x0000001d6b4ff190:   deaddeaf00000001 0000000000000000
0x0000001d6b4ff1a0:   0000000000000000 0000000000000000
0x0000001d6b4ff1b0:   0000001d6b4ff228 0000016380009e67
0x0000001d6b4ff1c0:   deaddeaf69504ce1 0000000000000000
0x0000001d6b4ff1d0:   00000007060068f8 00000007060068f8
0x0000001d6b4ff1e0:   0000001d6b4ff1e0 000001639750fc3d
0x0000001d6b4ff1f0:   0000001d6b4ff280 0000016397dcef88
0x0000001d6b4ff200:   0000000000000000 00000007097071e0
0x0000001d6b4ff210:   000001639750fd00 0000001d6b4ff1c8
0x0000001d6b4ff220:   0000001d6b4ff268 0000001d6b4ff2d0
0x0000001d6b4ff230:   0000016380009e67 0000000000000001
0x0000001d6b4ff240:   0000000052687217 000000000000045b 

Instructions: (pc=0x0000016387f31392)
0x0000016387f31372:   28 c5 fa 11 6c 24 24 44 89 5c 24 34 89 4c 24 38
0x0000016387f31382:   c5 fa 11 44 24 40 66 66 90 e8 70 7d 0f f8 0f 0b
0x0000016387f31392:   0f 0b 89 44 24 20 8b ee e9 7e fe ff ff 45 33 d2
0x0000016387f313a2:   ba 7e ff ff ff 4c 89 54 24 20 48 89 44 24 f8 8b 


Stack slot to memory mapping:
stack at sp + 0 slots: 0x0000016380009e67 is at code_begin+2343 in an Interpreter codelet
invoke return entry points  [0x0000016380009540, 0x0000016380009f40]  2560 bytes
stack at sp + 1 slots: 0xdeaddeaf00000000 is an unknown value
stack at sp + 2 slots: 0xdeaddeaf00000080 is an unknown value
stack at sp + 3 slots: 0xdeaddeaf00000000 is an unknown value
stack at sp + 4 slots: 0x0000008000008000 is an unknown value
stack at sp + 5 slots: 0x0000000000008000 is an unknown value
stack at sp + 6 slots: 0x0000000000000001 is an unknown value
stack at sp + 7 slots: 0x00000000ffffff81 is an unknown value



---------------  P R O C E S S  ---------------

Threads class SMR info:
_java_thread_list=0x000001639d2769e0, length=41, elements={
0x00000163e918d800, 0x00000163fe63b800, 0x00000163fe63c800, 0x00000163fef43800,
0x00000163fef45000, 0x00000163fef47000, 0x00000163fef52000, 0x00000163fef57000,
0x00000163ff0c6000, 0x00000163ff0cc000, 0x00000163ff153800, 0x00000163ff154000,
0x000001638f897000, 0x000001638f897800, 0x000001638fa84000, 0x000001638fba3800,
0x00000163910b4000, 0x0000016391205800, 0x000001638f3bc800, 0x0000016391127000,
0x0000016391258800, 0x000001639b426000, 0x000001639b427800, 0x000001639b42a000,
0x000001639b428000, 0x000001639b429000, 0x000001639b42a800, 0x000001639b42b800,
0x000001639b42c800, 0x000001639b426800, 0x00000163990e7000, 0x00000163990e6000,
0x00000163990ea000, 0x00000163990e8800, 0x000001639127c800, 0x000001639b057800,
0x000001639af89800, 0x0000016399762000, 0x00000163990e4800, 0x000001639bcb3800,
0x000001639a832000
}

Java Threads: ( => current thread )
  0x00000163e918d800 JavaThread "main" [_thread_in_native, id=20692, stack(0x0000001d66c00000,0x0000001d66d00000)]
  0x00000163fe63b800 JavaThread "Reference Handler" daemon [_thread_blocked, id=19572, stack(0x0000001d67300000,0x0000001d67400000)]
  0x00000163fe63c800 JavaThread "Finalizer" daemon [_thread_blocked, id=11220, stack(0x0000001d67400000,0x0000001d67500000)]
  0x00000163fef43800 JavaThread "Signal Dispatcher" daemon [_thread_blocked, id=22444, stack(0x0000001d67500000,0x0000001d67600000)]
  0x00000163fef45000 JavaThread "Attach Listener" daemon [_thread_blocked, id=21216, stack(0x0000001d67600000,0x0000001d67700000)]
  0x00000163fef47000 JavaThread "C2 CompilerThread0" daemon [_thread_in_native, id=18644, stack(0x0000001d67700000,0x0000001d67800000)]
  0x00000163fef52000 JavaThread "C1 CompilerThread0" daemon [_thread_blocked, id=21452, stack(0x0000001d67800000,0x0000001d67900000)]
  0x00000163fef57000 JavaThread "Sweeper thread" daemon [_thread_blocked, id=4356, stack(0x0000001d67900000,0x0000001d67a00000)]
  0x00000163ff0c6000 JavaThread "Service Thread" daemon [_thread_blocked, id=21424, stack(0x0000001d67a00000,0x0000001d67b00000)]
  0x00000163ff0cc000 JavaThread "Common-Cleaner" daemon [_thread_blocked, id=21120, stack(0x0000001d67c00000,0x0000001d67d00000)]
  0x00000163ff153800 JavaThread "C1 CompilerThread1" daemon [_thread_blocked, id=13804, stack(0x0000001d67d00000,0x0000001d67e00000)]
  0x00000163ff154000 JavaThread "C1 CompilerThread2" daemon [_thread_blocked, id=18792, stack(0x0000001d67e00000,0x0000001d67f00000)]
  0x000001638f897000 JavaThread "Java2D Disposer" daemon [_thread_blocked, id=18664, stack(0x0000001d68200000,0x0000001d68300000)]
  0x000001638f897800 JavaThread "AWT-Shutdown" [_thread_blocked, id=5184, stack(0x0000001d68d00000,0x0000001d68e00000)]
  0x000001638fa84000 JavaThread "AWT-Windows" daemon [_thread_in_native, id=20688, stack(0x0000001d68e00000,0x0000001d68f00000)]
  0x000001638fba3800 JavaThread "AWT-EventQueue-0" [_thread_blocked, id=22440, stack(0x0000001d68f00000,0x0000001d69000000)]
  0x00000163910b4000 JavaThread "TimerQueue" daemon [_thread_blocked, id=21096, stack(0x0000001d6a500000,0x0000001d6a600000)]
  0x0000016391205800 JavaThread "D3D Screen Updater" daemon [_thread_blocked, id=19408, stack(0x0000001d6a600000,0x0000001d6a700000)]
  0x000001638f3bc800 JavaThread "OkHttp Dispatcher" [_thread_blocked, id=3520, stack(0x0000001d6a800000,0x0000001d6a900000)]
  0x0000016391127000 JavaThread "OkHttp ConnectionPool" daemon [_thread_blocked, id=11836, stack(0x0000001d6ab00000,0x0000001d6ac00000)]
  0x0000016391258800 JavaThread "Okio Watchdog" daemon [_thread_blocked, id=19352, stack(0x0000001d6ac00000,0x0000001d6ad00000)]
  0x000001639b426000 JavaThread "pool-3-thread-1" [_thread_blocked, id=20536, stack(0x0000001d67f00000,0x0000001d68000000)]
  0x000001639b427800 JavaThread "pool-2-thread-1" [_thread_blocked, id=20204, stack(0x0000001d6a700000,0x0000001d6a800000)]
  0x000001639b42a000 JavaThread "Thread-0" daemon [_thread_blocked, id=15736, stack(0x0000001d6a900000,0x0000001d6aa00000)]
=>0x000001639b428000 JavaThread "Client" daemon [_thread_in_Java, id=7952, stack(0x0000001d6b400000,0x0000001d6b500000)]
  0x000001639b429000 JavaThread "Thread-2" daemon [_thread_blocked, id=22452, stack(0x0000001d6b500000,0x0000001d6b600000)]
  0x000001639b42a800 JavaThread "Thread-3" daemon [_thread_in_native, id=1676, stack(0x0000001d6b800000,0x0000001d6b900000)]
  0x000001639b42b800 JavaThread "Thread-4" daemon [_thread_blocked, id=10016, stack(0x0000001d6b900000,0x0000001d6ba00000)]
  0x000001639b42c800 JavaThread "OkHttp api.runelite.net Writer" [_thread_blocked, id=3952, stack(0x0000001d6ba00000,0x0000001d6bb00000)]
  0x000001639b426800 JavaThread "OkHttp api.runelite.net" [_thread_in_native, id=7892, stack(0x0000001d6bb00000,0x0000001d6bc00000)]
  0x00000163990e7000 JavaThread "OkHttp Http2Connection" daemon [_thread_blocked, id=20512, stack(0x0000001d6bc00000,0x0000001d6bd00000)]
  0x00000163990e6000 JavaThread "cache io" daemon [_thread_blocked, id=10700, stack(0x0000001d6c000000,0x0000001d6c100000)]
  0x00000163990ea000 JavaThread "Java Sound Event Dispatcher" daemon [_thread_blocked, id=22340, stack(0x0000001d68000000,0x0000001d68100000)]
  0x00000163990e8800 JavaThread "pool-4-thread-1" [_thread_in_Java, id=4764, stack(0x0000001d6b300000,0x0000001d6b400000)]
  0x000001639127c800 JavaThread "C2 CompilerThread1" daemon [_thread_blocked, id=16976, stack(0x0000001d6be00000,0x0000001d6bf00000)]
  0x000001639b057800 JavaThread "C2 CompilerThread2" daemon [_thread_blocked, id=22044, stack(0x0000001d6bf00000,0x0000001d6c000000)]
  0x000001639af89800 JavaThread "C2 CompilerThread3" daemon [_thread_blocked, id=17836, stack(0x0000001d6c800000,0x0000001d6c900000)]
  0x0000016399762000 JavaThread "C2 CompilerThread4" daemon [_thread_blocked, id=6696, stack(0x0000001d6c900000,0x0000001d6ca00000)]
  0x00000163990e4800 JavaThread "Thread-7" daemon [_thread_blocked, id=21836, stack(0x0000001d6ca00000,0x0000001d6cb00000)]
  0x000001639bcb3800 JavaThread "C2 CompilerThread5" daemon [_thread_blocked, id=18092, stack(0x0000001d6cb00000,0x0000001d6cc00000)]
  0x000001639a832000 JavaThread "C2 CompilerThread6" daemon [_thread_in_native, id=5772, stack(0x0000001d6cc00000,0x0000001d6cd00000)]

Other Threads:
  0x00000163fe639000 VMThread "VM Thread" [stack: 0x0000001d67200000,0x0000001d67300000] [id=1148]
  0x00000163ff0d0800 WatcherThread [stack: 0x0000001d67b00000,0x0000001d67c00000] [id=19904]
  0x00000163e91a3000 GCTaskThread "GC Thread#0" [stack: 0x0000001d66d00000,0x0000001d66e00000] [id=12592]
  0x000001638f01b800 GCTaskThread "GC Thread#1" [stack: 0x0000001d68300000,0x0000001d68400000] [id=6032]
  0x000001638f414800 GCTaskThread "GC Thread#2" [stack: 0x0000001d68400000,0x0000001d68500000] [id=20020]
  0x00000163ff48f000 GCTaskThread "GC Thread#3" [stack: 0x0000001d68500000,0x0000001d68600000] [id=18944]
  0x00000163ff5a2000 GCTaskThread "GC Thread#4" [stack: 0x0000001d68600000,0x0000001d68700000] [id=21224]
  0x00000163ff5a3000 GCTaskThread "GC Thread#5" [stack: 0x0000001d68700000,0x0000001d68800000] [id=20556]
  0x000001639153b000 GCTaskThread "GC Thread#6" [stack: 0x0000001d6ad00000,0x0000001d6ae00000] [id=392]
  0x0000016391282000 GCTaskThread "GC Thread#7" [stack: 0x0000001d6ae00000,0x0000001d6af00000] [id=12920]
  0x000001639153b800 GCTaskThread "GC Thread#8" [stack: 0x0000001d6af00000,0x0000001d6b000000] [id=1548]
  0x000001639136e800 GCTaskThread "GC Thread#9" [stack: 0x0000001d6b000000,0x0000001d6b100000] [id=3608]
  0x0000016399313800 GCTaskThread "GC Thread#10" [stack: 0x0000001d6b600000,0x0000001d6b700000] [id=21460]
  0x0000016391aa6800 GCTaskThread "GC Thread#11" [stack: 0x0000001d6b700000,0x0000001d6b800000] [id=4148]
  0x000001639a8cc000 GCTaskThread "GC Thread#12" [stack: 0x0000001d6c100000,0x0000001d6c200000] [id=2184]
  0x00000163e9203000 ConcurrentGCThread "G1 Main Marker" [stack: 0x0000001d66e00000,0x0000001d66f00000] [id=20992]
  0x00000163e9204000 ConcurrentGCThread "G1 Conc#0" [stack: 0x0000001d66f00000,0x0000001d67000000] [id=20320]
  0x000001638f96d000 ConcurrentGCThread "G1 Conc#1" [stack: 0x0000001d69000000,0x0000001d69100000] [id=21524]
  0x000001638f3b6000 ConcurrentGCThread "G1 Conc#2" [stack: 0x0000001d69100000,0x0000001d69200000] [id=20908]
  0x00000163fe524000 ConcurrentGCThread "G1 Refine#0" [stack: 0x0000001d67000000,0x0000001d67100000] [id=3200]
  0x000001638f09e800 ConcurrentGCThread "G1 Refine#1" [stack: 0x0000001d68800000,0x0000001d68900000] [id=19244]
  0x00000163ff48b000 ConcurrentGCThread "G1 Refine#2" [stack: 0x0000001d68900000,0x0000001d68a00000] [id=19844]
  0x00000163ff97c000 ConcurrentGCThread "G1 Refine#3" [stack: 0x0000001d68a00000,0x0000001d68b00000] [id=6684]
  0x000001638f081000 ConcurrentGCThread "G1 Refine#4" [stack: 0x0000001d68b00000,0x0000001d68c00000] [id=20248]
  0x000001639af74800 ConcurrentGCThread "G1 Refine#5" [stack: 0x0000001d6c200000,0x0000001d6c300000] [id=8548]
  0x000001639aaca000 ConcurrentGCThread "G1 Refine#6" [stack: 0x0000001d6c300000,0x0000001d6c400000] [id=11672]
  0x000001639a84f800 ConcurrentGCThread "G1 Refine#7" [stack: 0x0000001d6c400000,0x0000001d6c500000] [id=19612]
  0x000001639afa1800 ConcurrentGCThread "G1 Refine#8" [stack: 0x0000001d6c500000,0x0000001d6c600000] [id=22336]
  0x00000163fe527000 ConcurrentGCThread "G1 Young RemSet Sampling" [stack: 0x0000001d67100000,0x0000001d67200000] [id=3684]

Threads with active compile tasks:
C2 CompilerThread05715   !   4       mj::hh (5773 bytes)
C1 CompilerThread16366   !   3       mn::am (240 bytes)
C1 CompilerThread26364  s!   3       mt::am (241 bytes)
C2 CompilerThread66279   !   4       com.google.inject.spi.InjectionPoint::getInjectionPoints (495 bytes)

VM state:not at safepoint (normal execution)

VM Mutex/Monitor currently owned by a thread: None

Heap address: 0x0000000700e00000, size: 4082 MB, Compressed Oops mode: Zero based, Oop shift amount: 3
Narrow klass base: 0x0000000800000000, Narrow klass shift: 0
Compressed class space size: 1073741824 Address: 0x0000000800000000

Heap:
 garbage-first heap   total 315392K, used 202584K [0x0000000700e00000, 0x0000000800000000)
  region size 1024K, 69 young (70656K), 19 survivors (19456K)
 Metaspace       used 68128K, capacity 71651K, committed 71856K, reserved 1114112K
  class space    used 7218K, capacity 8187K, committed 8192K, reserved 1048576K
Heap Regions: E=young(eden), S=young(survivor), O=old, HS=humongous(starts), HC=humongous(continues), CS=collection set, F=free, A=archive, TAMS=top-at-mark-start (previous, next)
|   0|0x0000000700e00000, 0x0000000700f00000, 0x0000000700f00000|100%| O|  |TAMS 0x0000000700f00000, 0x0000000700e00000| Untracked 
|   1|0x0000000700f00000, 0x0000000701000000, 0x0000000701000000|100%| O|  |TAMS 0x0000000701000000, 0x0000000700f00000| Untracked 
|   2|0x0000000701000000, 0x0000000701100000, 0x0000000701100000|100%| O|  |TAMS 0x0000000701100000, 0x0000000701000000| Untracked 
|   3|0x0000000701100000, 0x0000000701200000, 0x0000000701200000|100%| O|  |TAMS 0x0000000701200000, 0x0000000701100000| Untracked 
|   4|0x0000000701200000, 0x0000000701300000, 0x0000000701300000|100%| O|  |TAMS 0x0000000701300000, 0x0000000701200000| Untracked 
|   5|0x0000000701300000, 0x0000000701400000, 0x0000000701400000|100%| O|  |TAMS 0x0000000701400000, 0x0000000701300000| Untracked 
|   6|0x0000000701400000, 0x0000000701500000, 0x0000000701500000|100%| O|  |TAMS 0x0000000701500000, 0x0000000701400000| Untracked 
|   7|0x0000000701500000, 0x0000000701600000, 0x0000000701600000|100%| O|  |TAMS 0x0000000701600000, 0x0000000701500000| Untracked 
|   8|0x0000000701600000, 0x0000000701700000, 0x0000000701700000|100%| O|  |TAMS 0x0000000701700000, 0x0000000701600000| Untracked 
|   9|0x0000000701700000, 0x0000000701800000, 0x0000000701800000|100%| O|  |TAMS 0x0000000701800000, 0x0000000701700000| Untracked 
|  10|0x0000000701800000, 0x0000000701900000, 0x0000000701900000|100%| O|  |TAMS 0x0000000701900000, 0x0000000701800000| Untracked 
|  11|0x0000000701900000, 0x0000000701a00000, 0x0000000701a00000|100%| O|  |TAMS 0x0000000701a00000, 0x0000000701900000| Untracked 
|  12|0x0000000701a00000, 0x0000000701b00000, 0x0000000701b00000|100%| O|  |TAMS 0x0000000701a0f200, 0x0000000701a00000| Untracked 
|  13|0x0000000701b00000, 0x0000000701b00000, 0x0000000701c00000|  0%| F|  |TAMS 0x0000000701b00000, 0x0000000701b00000| Untracked 
|  14|0x0000000701c00000, 0x0000000701d00000, 0x0000000701d00000|100%|HS|  |TAMS 0x0000000701c00000, 0x0000000701c00000| Complete 
|  15|0x0000000701d00000, 0x0000000701e00000, 0x0000000701e00000|100%|HS|  |TAMS 0x0000000701d00000, 0x0000000701d00000| Complete 
|  16|0x0000000701e00000, 0x0000000701f00000, 0x0000000701f00000|100%|HC|  |TAMS 0x0000000701e00000, 0x0000000701e00000| Complete 
|  17|0x0000000701f00000, 0x0000000702000000, 0x0000000702000000|100%|HS|  |TAMS 0x0000000702000000, 0x0000000701f00000| Complete 
|  18|0x0000000702000000, 0x0000000702100000, 0x0000000702100000|100%|HC|  |TAMS 0x0000000702100000, 0x0000000702000000| Complete 
|  19|0x0000000702100000, 0x0000000702200000, 0x0000000702200000|100%|HC|  |TAMS 0x0000000702200000, 0x0000000702100000| Complete 
|  20|0x0000000702200000, 0x0000000702300000, 0x0000000702300000|100%|HS|  |TAMS 0x0000000702200000, 0x0000000702200000| Complete 
|  21|0x0000000702300000, 0x0000000702400000, 0x0000000702400000|100%|HC|  |TAMS 0x0000000702300000, 0x0000000702300000| Complete 
|  22|0x0000000702400000, 0x0000000702500000, 0x0000000702500000|100%|HS|  |TAMS 0x0000000702400000, 0x0000000702400000| Complete 
|  23|0x0000000702500000, 0x0000000702600000, 0x0000000702600000|100%|HC|  |TAMS 0x0000000702500000, 0x0000000702500000| Complete 
|  24|0x0000000702600000, 0x0000000702700000, 0x0000000702700000|100%|HS|  |TAMS 0x0000000702600000, 0x0000000702600000| Complete 
|  25|0x0000000702700000, 0x0000000702800000, 0x0000000702800000|100%|HC|  |TAMS 0x0000000702700000, 0x0000000702700000| Complete 
|  26|0x0000000702800000, 0x0000000702900000, 0x0000000702900000|100%|HS|  |TAMS 0x0000000702800000, 0x0000000702800000| Complete 
|  27|0x0000000702900000, 0x0000000702a00000, 0x0000000702a00000|100%|HC|  |TAMS 0x0000000702900000, 0x0000000702900000| Complete 
|  28|0x0000000702a00000, 0x0000000702b00000, 0x0000000702b00000|100%|HS|  |TAMS 0x0000000702a00000, 0x0000000702a00000| Complete 
|  29|0x0000000702b00000, 0x0000000702c00000, 0x0000000702c00000|100%|HC|  |TAMS 0x0000000702b00000, 0x0000000702b00000| Complete 
|  30|0x0000000702c00000, 0x0000000702d00000, 0x0000000702d00000|100%|HS|  |TAMS 0x0000000702c00000, 0x0000000702c00000| Complete 
|  31|0x0000000702d00000, 0x0000000702e00000, 0x0000000702e00000|100%|HC|  |TAMS 0x0000000702d00000, 0x0000000702d00000| Complete 
|  32|0x0000000702e00000, 0x0000000702f00000, 0x0000000702f00000|100%|HS|  |TAMS 0x0000000702e00000, 0x0000000702e00000| Complete 
|  33|0x0000000702f00000, 0x0000000703000000, 0x0000000703000000|100%|HC|  |TAMS 0x0000000702f00000, 0x0000000702f00000| Complete 
|  34|0x0000000703000000, 0x0000000703100000, 0x0000000703100000|100%|HC|  |TAMS 0x0000000703000000, 0x0000000703000000| Complete 
|  35|0x0000000703100000, 0x0000000703200000, 0x0000000703200000|100%|HC|  |TAMS 0x0000000703100000, 0x0000000703100000| Complete 
|  36|0x0000000703200000, 0x0000000703300000, 0x0000000703300000|100%|HC|  |TAMS 0x0000000703200000, 0x0000000703200000| Complete 
|  37|0x0000000703300000, 0x0000000703400000, 0x0000000703400000|100%|HC|  |TAMS 0x0000000703300000, 0x0000000703300000| Complete 
|  38|0x0000000703400000, 0x0000000703500000, 0x0000000703500000|100%|HS|  |TAMS 0x0000000703400000, 0x0000000703400000| Complete 
|  39|0x0000000703500000, 0x0000000703600000, 0x0000000703600000|100%|HC|  |TAMS 0x0000000703500000, 0x0000000703500000| Complete 
|  40|0x0000000703600000, 0x0000000703700000, 0x0000000703700000|100%|HS|  |TAMS 0x0000000703600000, 0x0000000703600000| Complete 
|  41|0x0000000703700000, 0x0000000703800000, 0x0000000703800000|100%|HC|  |TAMS 0x0000000703700000, 0x0000000703700000| Complete 
|  42|0x0000000703800000, 0x0000000703900000, 0x0000000703900000|100%|HS|  |TAMS 0x0000000703800000, 0x0000000703800000| Complete 
|  43|0x0000000703900000, 0x0000000703a00000, 0x0000000703a00000|100%|HC|  |TAMS 0x0000000703900000, 0x0000000703900000| Complete 
|  44|0x0000000703a00000, 0x0000000703b00000, 0x0000000703b00000|100%|HS|  |TAMS 0x0000000703a00000, 0x0000000703a00000| Complete 
|  45|0x0000000703b00000, 0x0000000703b00000, 0x0000000703c00000|  0%| F|  |TAMS 0x0000000703b00000, 0x0000000703b00000| Untracked 
|  46|0x0000000703c00000, 0x0000000703d00000, 0x0000000703d00000|100%| O|  |TAMS 0x0000000703c00000, 0x0000000703c00000| Untracked 
|  47|0x0000000703d00000, 0x0000000703e00000, 0x0000000703e00000|100%| O|  |TAMS 0x0000000703d00000, 0x0000000703d00000| Untracked 
|  48|0x0000000703e00000, 0x0000000703f00000, 0x0000000703f00000|100%| O|  |TAMS 0x0000000703e00000, 0x0000000703e00000| Untracked 
|  49|0x0000000703f00000, 0x0000000704000000, 0x0000000704000000|100%| O|  |TAMS 0x0000000703f00000, 0x0000000703f00000| Untracked 
|  50|0x0000000704000000, 0x0000000704100000, 0x0000000704100000|100%| O|  |TAMS 0x0000000704000000, 0x0000000704000000| Untracked 
|  51|0x0000000704100000, 0x0000000704200000, 0x0000000704200000|100%| O|  |TAMS 0x0000000704100000, 0x0000000704100000| Untracked 
|  52|0x0000000704200000, 0x0000000704300000, 0x0000000704300000|100%| O|  |TAMS 0x0000000704200000, 0x0000000704200000| Untracked 
|  53|0x0000000704300000, 0x0000000704400000, 0x0000000704400000|100%| O|  |TAMS 0x0000000704300000, 0x0000000704300000| Untracked 
|  54|0x0000000704400000, 0x0000000704500000, 0x0000000704500000|100%| O|  |TAMS 0x0000000704400000, 0x0000000704400000| Untracked 
|  55|0x0000000704500000, 0x0000000704600000, 0x0000000704600000|100%| O|  |TAMS 0x0000000704500000, 0x0000000704500000| Untracked 
|  56|0x0000000704600000, 0x0000000704700000, 0x0000000704700000|100%| O|  |TAMS 0x0000000704600000, 0x0000000704600000| Untracked 
|  57|0x0000000704700000, 0x0000000704800000, 0x0000000704800000|100%| O|  |TAMS 0x0000000704700000, 0x0000000704700000| Untracked 
|  58|0x0000000704800000, 0x0000000704900000, 0x0000000704900000|100%| O|  |TAMS 0x0000000704800000, 0x0000000704800000| Untracked 
|  59|0x0000000704900000, 0x0000000704a00000, 0x0000000704a00000|100%| O|  |TAMS 0x0000000704900000, 0x0000000704900000| Untracked 
|  60|0x0000000704a00000, 0x0000000704affff8, 0x0000000704b00000| 99%| O|  |TAMS 0x0000000704a00000, 0x0000000704a00000| Untracked 
|  61|0x0000000704b00000, 0x0000000704c00000, 0x0000000704c00000|100%| O|  |TAMS 0x0000000704b00000, 0x0000000704b00000| Untracked 
|  62|0x0000000704c00000, 0x0000000704d00000, 0x0000000704d00000|100%| O|  |TAMS 0x0000000704c00000, 0x0000000704c00000| Untracked 
|  63|0x0000000704d00000, 0x0000000704e00000, 0x0000000704e00000|100%| O|  |TAMS 0x0000000704d00000, 0x0000000704d00000| Untracked 
|  64|0x0000000704e00000, 0x0000000704f00000, 0x0000000704f00000|100%| O|  |TAMS 0x0000000704e00000, 0x0000000704e00000| Untracked 
|  65|0x0000000704f00000, 0x0000000705000000, 0x0000000705000000|100%| O|  |TAMS 0x0000000704f00000, 0x0000000704f00000| Untracked 
|  66|0x0000000705000000, 0x0000000705100000, 0x0000000705100000|100%| O|  |TAMS 0x0000000705000000, 0x0000000705000000| Untracked 
|  67|0x0000000705100000, 0x0000000705200000, 0x0000000705200000|100%| O|  |TAMS 0x0000000705100000, 0x0000000705100000| Untracked 
|  68|0x0000000705200000, 0x0000000705300000, 0x0000000705300000|100%| O|  |TAMS 0x0000000705200000, 0x0000000705200000| Untracked 
|  69|0x0000000705300000, 0x0000000705400000, 0x0000000705400000|100%| O|  |TAMS 0x0000000705300000, 0x0000000705300000| Untracked 
|  70|0x0000000705400000, 0x0000000705500000, 0x0000000705500000|100%| O|  |TAMS 0x0000000705400000, 0x0000000705400000| Untracked 
|  71|0x0000000705500000, 0x0000000705600000, 0x0000000705600000|100%| O|  |TAMS 0x0000000705500000, 0x0000000705500000| Untracked 
|  72|0x0000000705600000, 0x0000000705700000, 0x0000000705700000|100%| O|  |TAMS 0x0000000705600000, 0x0000000705600000| Untracked 
|  73|0x0000000705700000, 0x0000000705800000, 0x0000000705800000|100%| O|  |TAMS 0x0000000705700000, 0x0000000705700000| Untracked 
|  74|0x0000000705800000, 0x0000000705900000, 0x0000000705900000|100%| O|  |TAMS 0x0000000705800000, 0x0000000705800000| Untracked 
|  75|0x0000000705900000, 0x0000000705a00000, 0x0000000705a00000|100%| O|  |TAMS 0x0000000705900000, 0x0000000705900000| Untracked 
|  76|0x0000000705a00000, 0x0000000705b00000, 0x0000000705b00000|100%| O|  |TAMS 0x0000000705a00000, 0x0000000705a00000| Untracked 
|  77|0x0000000705b00000, 0x0000000705c00000, 0x0000000705c00000|100%| O|  |TAMS 0x0000000705b00000, 0x0000000705b00000| Untracked 
|  78|0x0000000705c00000, 0x0000000705d00000, 0x0000000705d00000|100%| O|  |TAMS 0x0000000705c00000, 0x0000000705c00000| Untracked 
|  79|0x0000000705d00000, 0x0000000705e00000, 0x0000000705e00000|100%| O|  |TAMS 0x0000000705d00000, 0x0000000705d00000| Untracked 
|  80|0x0000000705e00000, 0x0000000705f00000, 0x0000000705f00000|100%| O|  |TAMS 0x0000000705e00000, 0x0000000705e00000| Untracked 
|  81|0x0000000705f00000, 0x0000000706000000, 0x0000000706000000|100%| O|  |TAMS 0x0000000705f00000, 0x0000000705f00000| Untracked 
|  82|0x0000000706000000, 0x0000000706100000, 0x0000000706100000|100%| O|  |TAMS 0x0000000706000000, 0x0000000706000000| Untracked 
|  83|0x0000000706100000, 0x0000000706200000, 0x0000000706200000|100%|HS|  |TAMS 0x0000000706100000, 0x0000000706100000| Complete 
|  84|0x0000000706200000, 0x0000000706300000, 0x0000000706300000|100%|HC|  |TAMS 0x0000000706200000, 0x0000000706200000| Complete 
|  85|0x0000000706300000, 0x0000000706300000, 0x0000000706400000|  0%| F|  |TAMS 0x0000000706300000, 0x0000000706300000| Untracked 
|  86|0x0000000706400000, 0x0000000706400000, 0x0000000706500000|  0%| F|  |TAMS 0x0000000706400000, 0x0000000706400000| Untracked 
|  87|0x0000000706500000, 0x0000000706500000, 0x0000000706600000|  0%| F|  |TAMS 0x0000000706500000, 0x0000000706500000| Untracked 
|  88|0x0000000706600000, 0x0000000706600000, 0x0000000706700000|  0%| F|  |TAMS 0x0000000706600000, 0x0000000706600000| Untracked 
|  89|0x0000000706700000, 0x0000000706700000, 0x0000000706800000|  0%| F|  |TAMS 0x0000000706700000, 0x0000000706700000| Untracked 
|  90|0x0000000706800000, 0x0000000706800000, 0x0000000706900000|  0%| F|  |TAMS 0x0000000706800000, 0x0000000706800000| Untracked 
|  91|0x0000000706900000, 0x0000000706900000, 0x0000000706a00000|  0%| F|  |TAMS 0x0000000706900000, 0x0000000706900000| Untracked 
|  92|0x0000000706a00000, 0x0000000706a00000, 0x0000000706b00000|  0%| F|  |TAMS 0x0000000706a00000, 0x0000000706a00000| Untracked 
|  93|0x0000000706b00000, 0x0000000706b00000, 0x0000000706c00000|  0%| F|  |TAMS 0x0000000706b00000, 0x0000000706b00000| Untracked 
|  94|0x0000000706c00000, 0x0000000706c00000, 0x0000000706d00000|  0%| F|  |TAMS 0x0000000706c00000, 0x0000000706c00000| Untracked 
|  95|0x0000000706d00000, 0x0000000706d00000, 0x0000000706e00000|  0%| F|  |TAMS 0x0000000706d00000, 0x0000000706d00000| Untracked 
|  96|0x0000000706e00000, 0x0000000706e00000, 0x0000000706f00000|  0%| F|  |TAMS 0x0000000706e00000, 0x0000000706e00000| Untracked 
|  97|0x0000000706f00000, 0x0000000706f00000, 0x0000000707000000|  0%| F|  |TAMS 0x0000000706f00000, 0x0000000706f00000| Untracked 
|  98|0x0000000707000000, 0x0000000707000000, 0x0000000707100000|  0%| F|  |TAMS 0x0000000707000000, 0x0000000707000000| Untracked 
|  99|0x0000000707100000, 0x0000000707100000, 0x0000000707200000|  0%| F|  |TAMS 0x0000000707100000, 0x0000000707100000| Untracked 
| 100|0x0000000707200000, 0x0000000707200000, 0x0000000707300000|  0%| F|  |TAMS 0x0000000707200000, 0x0000000707200000| Untracked 
| 101|0x0000000707300000, 0x0000000707300000, 0x0000000707400000|  0%| F|  |TAMS 0x0000000707300000, 0x0000000707300000| Untracked 
| 102|0x0000000707400000, 0x0000000707400000, 0x0000000707500000|  0%| F|  |TAMS 0x0000000707400000, 0x0000000707400000| Untracked 
| 103|0x0000000707500000, 0x0000000707600000, 0x0000000707600000|100%| O|  |TAMS 0x0000000707500000, 0x0000000707500000| Untracked 
| 104|0x0000000707600000, 0x0000000707700000, 0x0000000707700000|100%| O|  |TAMS 0x0000000707600000, 0x0000000707600000| Untracked 
| 105|0x0000000707700000, 0x0000000707800000, 0x0000000707800000|100%| O|  |TAMS 0x0000000707700000, 0x0000000707700000| Untracked 
| 106|0x0000000707800000, 0x0000000707900000, 0x0000000707900000|100%| O|  |TAMS 0x0000000707800000, 0x0000000707800000| Untracked 
| 107|0x0000000707900000, 0x0000000707a00000, 0x0000000707a00000|100%| O|  |TAMS 0x0000000707900000, 0x0000000707900000| Untracked 
| 108|0x0000000707a00000, 0x0000000707b00000, 0x0000000707b00000|100%| O|  |TAMS 0x0000000707a00000, 0x0000000707a00000| Untracked 
| 109|0x0000000707b00000, 0x0000000707c00000, 0x0000000707c00000|100%| O|  |TAMS 0x0000000707b00000, 0x0000000707b00000| Untracked 
| 110|0x0000000707c00000, 0x0000000707d00000, 0x0000000707d00000|100%| O|  |TAMS 0x0000000707c00000, 0x0000000707c00000| Untracked 
| 111|0x0000000707d00000, 0x0000000707e00000, 0x0000000707e00000|100%| O|  |TAMS 0x0000000707d00000, 0x0000000707d00000| Untracked 
| 112|0x0000000707e00000, 0x0000000707f00000, 0x0000000707f00000|100%| O|  |TAMS 0x0000000707e00000, 0x0000000707e00000| Untracked 
| 113|0x0000000707f00000, 0x0000000708000000, 0x0000000708000000|100%| O|  |TAMS 0x0000000707f00000, 0x0000000707f00000| Untracked 
| 114|0x0000000708000000, 0x0000000708100000, 0x0000000708100000|100%| O|  |TAMS 0x0000000708000000, 0x0000000708000000| Untracked 
| 115|0x0000000708100000, 0x0000000708200000, 0x0000000708200000|100%| O|  |TAMS 0x0000000708100000, 0x0000000708100000| Untracked 
| 116|0x0000000708200000, 0x0000000708300000, 0x0000000708300000|100%| O|  |TAMS 0x0000000708200000, 0x0000000708200000| Untracked 
| 117|0x0000000708300000, 0x0000000708400000, 0x0000000708400000|100%| O|  |TAMS 0x0000000708300000, 0x0000000708300000| Untracked 
| 118|0x0000000708400000, 0x0000000708500000, 0x0000000708500000|100%| O|  |TAMS 0x0000000708400000, 0x0000000708400000| Untracked 
| 119|0x0000000708500000, 0x0000000708600000, 0x0000000708600000|100%| O|  |TAMS 0x0000000708500000, 0x0000000708500000| Untracked 
| 120|0x0000000708600000, 0x0000000708700000, 0x0000000708700000|100%| O|  |TAMS 0x0000000708600000, 0x0000000708600000| Untracked 
| 121|0x0000000708700000, 0x0000000708800000, 0x0000000708800000|100%| O|  |TAMS 0x0000000708700000, 0x0000000708700000| Untracked 
| 122|0x0000000708800000, 0x0000000708900000, 0x0000000708900000|100%| O|  |TAMS 0x0000000708800000, 0x0000000708800000| Untracked 
| 123|0x0000000708900000, 0x0000000708a00000, 0x0000000708a00000|100%| O|  |TAMS 0x0000000708900000, 0x0000000708900000| Untracked 
| 124|0x0000000708a00000, 0x0000000708b00000, 0x0000000708b00000|100%| O|  |TAMS 0x0000000708a00000, 0x0000000708a00000| Untracked 
| 125|0x0000000708b00000, 0x0000000708c00000, 0x0000000708c00000|100%| O|  |TAMS 0x0000000708b00000, 0x0000000708b00000| Untracked 
| 126|0x0000000708c00000, 0x0000000708d00000, 0x0000000708d00000|100%| O|  |TAMS 0x0000000708c00000, 0x0000000708c00000| Untracked 
| 127|0x0000000708d00000, 0x0000000708e00000, 0x0000000708e00000|100%| O|  |TAMS 0x0000000708d00000, 0x0000000708d00000| Untracked 
| 128|0x0000000708e00000, 0x0000000708f00000, 0x0000000708f00000|100%| O|  |TAMS 0x0000000708e00000, 0x0000000708e00000| Untracked 
| 129|0x0000000708f00000, 0x0000000709000000, 0x0000000709000000|100%| O|  |TAMS 0x0000000708f00000, 0x0000000708f00000| Untracked 
| 130|0x0000000709000000, 0x0000000709100000, 0x0000000709100000|100%| O|  |TAMS 0x0000000709000000, 0x0000000709000000| Untracked 
| 131|0x0000000709100000, 0x0000000709200000, 0x0000000709200000|100%| O|  |TAMS 0x0000000709100000, 0x0000000709100000| Untracked 
| 132|0x0000000709200000, 0x0000000709300000, 0x0000000709300000|100%| O|  |TAMS 0x0000000709200000, 0x0000000709200000| Untracked 
| 133|0x0000000709300000, 0x0000000709400000, 0x0000000709400000|100%| O|  |TAMS 0x0000000709300000, 0x0000000709300000| Untracked 
| 134|0x0000000709400000, 0x0000000709500000, 0x0000000709500000|100%| O|  |TAMS 0x0000000709400000, 0x0000000709400000| Untracked 
| 135|0x0000000709500000, 0x0000000709600000, 0x0000000709600000|100%| O|  |TAMS 0x0000000709500000, 0x0000000709500000| Untracked 
| 136|0x0000000709600000, 0x0000000709700000, 0x0000000709700000|100%| O|  |TAMS 0x0000000709600000, 0x0000000709600000| Untracked 
| 137|0x0000000709700000, 0x0000000709800000, 0x0000000709800000|100%| O|  |TAMS 0x0000000709700000, 0x0000000709700000| Untracked 
| 138|0x0000000709800000, 0x0000000709900000, 0x0000000709900000|100%| O|  |TAMS 0x0000000709800000, 0x0000000709800000| Untracked 
| 139|0x0000000709900000, 0x0000000709a00000, 0x0000000709a00000|100%| O|  |TAMS 0x0000000709900000, 0x0000000709900000| Untracked 
| 140|0x0000000709a00000, 0x0000000709b00000, 0x0000000709b00000|100%| O|  |TAMS 0x0000000709a00000, 0x0000000709a00000| Untracked 
| 141|0x0000000709b00000, 0x0000000709c00000, 0x0000000709c00000|100%| O|  |TAMS 0x0000000709b00000, 0x0000000709b00000| Untracked 
| 142|0x0000000709c00000, 0x0000000709d00000, 0x0000000709d00000|100%| O|  |TAMS 0x0000000709c00000, 0x0000000709c00000| Untracked 
| 143|0x0000000709d00000, 0x0000000709e00000, 0x0000000709e00000|100%| O|  |TAMS 0x0000000709d00000, 0x0000000709d00000| Untracked 
| 144|0x0000000709e00000, 0x0000000709f00000, 0x0000000709f00000|100%| O|  |TAMS 0x0000000709e00000, 0x0000000709e00000| Untracked 
| 145|0x0000000709f00000, 0x000000070a000000, 0x000000070a000000|100%| O|  |TAMS 0x0000000709f00000, 0x0000000709f00000| Untracked 
| 146|0x000000070a000000, 0x000000070a100000, 0x000000070a100000|100%| O|  |TAMS 0x000000070a000000, 0x000000070a000000| Untracked 
| 147|0x000000070a100000, 0x000000070a200000, 0x000000070a200000|100%| O|  |TAMS 0x000000070a100000, 0x000000070a100000| Untracked 
| 148|0x000000070a200000, 0x000000070a300000, 0x000000070a300000|100%| O|  |TAMS 0x000000070a200000, 0x000000070a200000| Untracked 
| 149|0x000000070a300000, 0x000000070a400000, 0x000000070a400000|100%| O|  |TAMS 0x000000070a300000, 0x000000070a300000| Untracked 
| 150|0x000000070a400000, 0x000000070a4d6400, 0x000000070a500000| 83%| O|  |TAMS 0x000000070a400000, 0x000000070a400000| Untracked 
| 151|0x000000070a500000, 0x000000070a500000, 0x000000070a600000|  0%| F|  |TAMS 0x000000070a500000, 0x000000070a500000| Untracked 
| 152|0x000000070a600000, 0x000000070a600000, 0x000000070a700000|  0%| F|  |TAMS 0x000000070a600000, 0x000000070a600000| Untracked 
| 153|0x000000070a700000, 0x000000070a700000, 0x000000070a800000|  0%| F|  |TAMS 0x000000070a700000, 0x000000070a700000| Untracked 
| 154|0x000000070a800000, 0x000000070a800000, 0x000000070a900000|  0%| F|  |TAMS 0x000000070a800000, 0x000000070a800000| Untracked 
| 155|0x000000070a900000, 0x000000070a900000, 0x000000070aa00000|  0%| F|  |TAMS 0x000000070a900000, 0x000000070a900000| Untracked 
| 156|0x000000070aa00000, 0x000000070aa00000, 0x000000070ab00000|  0%| F|  |TAMS 0x000000070aa00000, 0x000000070aa00000| Untracked 
| 157|0x000000070ab00000, 0x000000070ab00000, 0x000000070ac00000|  0%| F|  |TAMS 0x000000070ab00000, 0x000000070ab00000| Untracked 
| 158|0x000000070ac00000, 0x000000070ac00000, 0x000000070ad00000|  0%| F|  |TAMS 0x000000070ac00000, 0x000000070ac00000| Untracked 
| 159|0x000000070ad00000, 0x000000070ad00000, 0x000000070ae00000|  0%| F|  |TAMS 0x000000070ad00000, 0x000000070ad00000| Untracked 
| 160|0x000000070ae00000, 0x000000070ae00000, 0x000000070af00000|  0%| F|  |TAMS 0x000000070ae00000, 0x000000070ae00000| Untracked 
| 161|0x000000070af00000, 0x000000070af00000, 0x000000070b000000|  0%| F|  |TAMS 0x000000070af00000, 0x000000070af00000| Untracked 
| 162|0x000000070b000000, 0x000000070b000000, 0x000000070b100000|  0%| F|  |TAMS 0x000000070b000000, 0x000000070b000000| Untracked 
| 163|0x000000070b100000, 0x000000070b100000, 0x000000070b200000|  0%| F|  |TAMS 0x000000070b100000, 0x000000070b100000| Untracked 
| 164|0x000000070b200000, 0x000000070b300000, 0x000000070b300000|100%| S|CS|TAMS 0x000000070b200000, 0x000000070b200000| Complete 
| 165|0x000000070b300000, 0x000000070b400000, 0x000000070b400000|100%| S|CS|TAMS 0x000000070b300000, 0x000000070b300000| Complete 
| 166|0x000000070b400000, 0x000000070b500000, 0x000000070b500000|100%| S|CS|TAMS 0x000000070b400000, 0x000000070b400000| Complete 
| 167|0x000000070b500000, 0x000000070b600000, 0x000000070b600000|100%| S|CS|TAMS 0x000000070b500000, 0x000000070b500000| Complete 
| 168|0x000000070b600000, 0x000000070b700000, 0x000000070b700000|100%| S|CS|TAMS 0x000000070b600000, 0x000000070b600000| Complete 
| 169|0x000000070b700000, 0x000000070b800000, 0x000000070b800000|100%| S|CS|TAMS 0x000000070b700000, 0x000000070b700000| Complete 
| 170|0x000000070b800000, 0x000000070b900000, 0x000000070b900000|100%| S|CS|TAMS 0x000000070b800000, 0x000000070b800000| Complete 
| 171|0x000000070b900000, 0x000000070ba00000, 0x000000070ba00000|100%| S|CS|TAMS 0x000000070b900000, 0x000000070b900000| Complete 
| 172|0x000000070ba00000, 0x000000070bb00000, 0x000000070bb00000|100%| S|CS|TAMS 0x000000070ba00000, 0x000000070ba00000| Complete 
| 173|0x000000070bb00000, 0x000000070bc00000, 0x000000070bc00000|100%| S|CS|TAMS 0x000000070bb00000, 0x000000070bb00000| Complete 
| 174|0x000000070bc00000, 0x000000070bd00000, 0x000000070bd00000|100%| S|CS|TAMS 0x000000070bc00000, 0x000000070bc00000| Complete 
| 175|0x000000070bd00000, 0x000000070be00000, 0x000000070be00000|100%| S|CS|TAMS 0x000000070bd00000, 0x000000070bd00000| Complete 
| 176|0x000000070be00000, 0x000000070bf00000, 0x000000070bf00000|100%| S|CS|TAMS 0x000000070be00000, 0x000000070be00000| Complete 
| 177|0x000000070bf00000, 0x000000070c000000, 0x000000070c000000|100%| S|CS|TAMS 0x000000070bf00000, 0x000000070bf00000| Complete 
| 178|0x000000070c000000, 0x000000070c100000, 0x000000070c100000|100%| S|CS|TAMS 0x000000070c000000, 0x000000070c000000| Complete 
| 179|0x000000070c100000, 0x000000070c200000, 0x000000070c200000|100%| S|CS|TAMS 0x000000070c100000, 0x000000070c100000| Complete 
| 180|0x000000070c200000, 0x000000070c300000, 0x000000070c300000|100%| S|CS|TAMS 0x000000070c200000, 0x000000070c200000| Complete 
| 181|0x000000070c300000, 0x000000070c400000, 0x000000070c400000|100%| S|CS|TAMS 0x000000070c300000, 0x000000070c300000| Complete 
| 182|0x000000070c400000, 0x000000070c500000, 0x000000070c500000|100%| S|CS|TAMS 0x000000070c400000, 0x000000070c400000| Complete 
| 183|0x000000070c500000, 0x000000070c500000, 0x000000070c600000|  0%| F|  |TAMS 0x000000070c500000, 0x000000070c500000| Untracked 
| 184|0x000000070c600000, 0x000000070c600000, 0x000000070c700000|  0%| F|  |TAMS 0x000000070c600000, 0x000000070c600000| Untracked 
| 185|0x000000070c700000, 0x000000070c700000, 0x000000070c800000|  0%| F|  |TAMS 0x000000070c700000, 0x000000070c700000| Untracked 
| 186|0x000000070c800000, 0x000000070c800000, 0x000000070c900000|  0%| F|  |TAMS 0x000000070c800000, 0x000000070c800000| Untracked 
| 187|0x000000070c900000, 0x000000070c900000, 0x000000070ca00000|  0%| F|  |TAMS 0x000000070c900000, 0x000000070c900000| Untracked 
| 188|0x000000070ca00000, 0x000000070ca00000, 0x000000070cb00000|  0%| F|  |TAMS 0x000000070ca00000, 0x000000070ca00000| Untracked 
| 189|0x000000070cb00000, 0x000000070cb00000, 0x000000070cc00000|  0%| F|  |TAMS 0x000000070cb00000, 0x000000070cb00000| Untracked 
| 190|0x000000070cc00000, 0x000000070cc00000, 0x000000070cd00000|  0%| F|  |TAMS 0x000000070cc00000, 0x000000070cc00000| Untracked 
| 191|0x000000070cd00000, 0x000000070cd00000, 0x000000070ce00000|  0%| F|  |TAMS 0x000000070cd00000, 0x000000070cd00000| Untracked 
| 192|0x000000070ce00000, 0x000000070ce00000, 0x000000070cf00000|  0%| F|  |TAMS 0x000000070ce00000, 0x000000070ce00000| Untracked 
| 193|0x000000070cf00000, 0x000000070cf00000, 0x000000070d000000|  0%| F|  |TAMS 0x000000070cf00000, 0x000000070cf00000| Untracked 
| 194|0x000000070d000000, 0x000000070d000000, 0x000000070d100000|  0%| F|  |TAMS 0x000000070d000000, 0x000000070d000000| Untracked 
| 195|0x000000070d100000, 0x000000070d100000, 0x000000070d200000|  0%| F|  |TAMS 0x000000070d100000, 0x000000070d100000| Untracked 
| 196|0x000000070d200000, 0x000000070d200000, 0x000000070d300000|  0%| F|  |TAMS 0x000000070d200000, 0x000000070d200000| Untracked 
| 197|0x000000070d300000, 0x000000070d300000, 0x000000070d400000|  0%| F|  |TAMS 0x000000070d300000, 0x000000070d300000| Untracked 
| 198|0x000000070d400000, 0x000000070d400000, 0x000000070d500000|  0%| F|  |TAMS 0x000000070d400000, 0x000000070d400000| Untracked 
| 199|0x000000070d500000, 0x000000070d500000, 0x000000070d600000|  0%| F|  |TAMS 0x000000070d500000, 0x000000070d500000| Untracked 
| 200|0x000000070d600000, 0x000000070d600000, 0x000000070d700000|  0%| F|  |TAMS 0x000000070d600000, 0x000000070d600000| Untracked 
| 201|0x000000070d700000, 0x000000070d700000, 0x000000070d800000|  0%| F|  |TAMS 0x000000070d700000, 0x000000070d700000| Untracked 
| 202|0x000000070d800000, 0x000000070d800000, 0x000000070d900000|  0%| F|  |TAMS 0x000000070d800000, 0x000000070d800000| Untracked 
| 203|0x000000070d900000, 0x000000070d900000, 0x000000070da00000|  0%| F|  |TAMS 0x000000070d900000, 0x000000070d900000| Untracked 
| 204|0x000000070da00000, 0x000000070da00000, 0x000000070db00000|  0%| F|  |TAMS 0x000000070da00000, 0x000000070da00000| Untracked 
| 205|0x000000070db00000, 0x000000070db00000, 0x000000070dc00000|  0%| F|  |TAMS 0x000000070db00000, 0x000000070db00000| Untracked 
| 206|0x000000070dc00000, 0x000000070dc00000, 0x000000070dd00000|  0%| F|  |TAMS 0x000000070dc00000, 0x000000070dc00000| Untracked 
| 207|0x000000070dd00000, 0x000000070dd00000, 0x000000070de00000|  0%| F|  |TAMS 0x000000070dd00000, 0x000000070dd00000| Untracked 
| 208|0x000000070de00000, 0x000000070de00000, 0x000000070df00000|  0%| F|  |TAMS 0x000000070de00000, 0x000000070de00000| Untracked 
| 209|0x000000070df00000, 0x000000070df00000, 0x000000070e000000|  0%| F|  |TAMS 0x000000070df00000, 0x000000070df00000| Untracked 
| 210|0x000000070e000000, 0x000000070e000000, 0x000000070e100000|  0%| F|  |TAMS 0x000000070e000000, 0x000000070e000000| Untracked 
| 211|0x000000070e100000, 0x000000070e100000, 0x000000070e200000|  0%| F|  |TAMS 0x000000070e100000, 0x000000070e100000| Untracked 
| 212|0x000000070e200000, 0x000000070e200000, 0x000000070e300000|  0%| F|  |TAMS 0x000000070e200000, 0x000000070e200000| Untracked 
| 213|0x000000070e300000, 0x000000070e300000, 0x000000070e400000|  0%| F|  |TAMS 0x000000070e300000, 0x000000070e300000| Untracked 
| 214|0x000000070e400000, 0x000000070e400000, 0x000000070e500000|  0%| F|  |TAMS 0x000000070e400000, 0x000000070e400000| Untracked 
| 215|0x000000070e500000, 0x000000070e500000, 0x000000070e600000|  0%| F|  |TAMS 0x000000070e500000, 0x000000070e500000| Untracked 
| 216|0x000000070e600000, 0x000000070e600000, 0x000000070e700000|  0%| F|  |TAMS 0x000000070e600000, 0x000000070e600000| Untracked 
| 217|0x000000070e700000, 0x000000070e700000, 0x000000070e800000|  0%| F|  |TAMS 0x000000070e700000, 0x000000070e700000| Untracked 
| 218|0x000000070e800000, 0x000000070e800000, 0x000000070e900000|  0%| F|  |TAMS 0x000000070e800000, 0x000000070e800000| Untracked 
| 219|0x000000070e900000, 0x000000070e900000, 0x000000070ea00000|  0%| F|  |TAMS 0x000000070e900000, 0x000000070e900000| Untracked 
| 220|0x000000070ea00000, 0x000000070ea00000, 0x000000070eb00000|  0%| F|  |TAMS 0x000000070ea00000, 0x000000070ea00000| Untracked 
| 221|0x000000070eb00000, 0x000000070eb00000, 0x000000070ec00000|  0%| F|  |TAMS 0x000000070eb00000, 0x000000070eb00000| Untracked 
| 222|0x000000070ec00000, 0x000000070ec00000, 0x000000070ed00000|  0%| F|  |TAMS 0x000000070ec00000, 0x000000070ec00000| Untracked 
| 223|0x000000070ed00000, 0x000000070ed00000, 0x000000070ee00000|  0%| F|  |TAMS 0x000000070ed00000, 0x000000070ed00000| Untracked 
| 224|0x000000070ee00000, 0x000000070ee00000, 0x000000070ef00000|  0%| F|  |TAMS 0x000000070ee00000, 0x000000070ee00000| Untracked 
| 225|0x000000070ef00000, 0x000000070ef00000, 0x000000070f000000|  0%| F|  |TAMS 0x000000070ef00000, 0x000000070ef00000| Untracked 
| 226|0x000000070f000000, 0x000000070f000000, 0x000000070f100000|  0%| F|  |TAMS 0x000000070f000000, 0x000000070f000000| Untracked 
| 227|0x000000070f100000, 0x000000070f100000, 0x000000070f200000|  0%| F|  |TAMS 0x000000070f100000, 0x000000070f100000| Untracked 
| 228|0x000000070f200000, 0x000000070f200000, 0x000000070f300000|  0%| F|  |TAMS 0x000000070f200000, 0x000000070f200000| Untracked 
| 229|0x000000070f300000, 0x000000070f300000, 0x000000070f400000|  0%| F|  |TAMS 0x000000070f300000, 0x000000070f300000| Untracked 
| 230|0x000000070f400000, 0x000000070f400000, 0x000000070f500000|  0%| F|  |TAMS 0x000000070f400000, 0x000000070f400000| Untracked 
| 231|0x000000070f500000, 0x000000070f500000, 0x000000070f600000|  0%| F|  |TAMS 0x000000070f500000, 0x000000070f500000| Untracked 
| 232|0x000000070f600000, 0x000000070f600000, 0x000000070f700000|  0%| F|  |TAMS 0x000000070f600000, 0x000000070f600000| Untracked 
| 233|0x000000070f700000, 0x000000070f700000, 0x000000070f800000|  0%| F|  |TAMS 0x000000070f700000, 0x000000070f700000| Untracked 
| 234|0x000000070f800000, 0x000000070f800000, 0x000000070f900000|  0%| F|  |TAMS 0x000000070f800000, 0x000000070f800000| Untracked 
| 235|0x000000070f900000, 0x000000070f900000, 0x000000070fa00000|  0%| F|  |TAMS 0x000000070f900000, 0x000000070f900000| Untracked 
| 236|0x000000070fa00000, 0x000000070fa00000, 0x000000070fb00000|  0%| F|  |TAMS 0x000000070fa00000, 0x000000070fa00000| Untracked 
| 237|0x000000070fb00000, 0x000000070fb00000, 0x000000070fc00000|  0%| F|  |TAMS 0x000000070fb00000, 0x000000070fb00000| Untracked 
| 238|0x000000070fc00000, 0x000000070fc00000, 0x000000070fd00000|  0%| F|  |TAMS 0x000000070fc00000, 0x000000070fc00000| Untracked 
| 239|0x000000070fd00000, 0x000000070fd00000, 0x000000070fe00000|  0%| F|  |TAMS 0x000000070fd00000, 0x000000070fd00000| Untracked 
| 240|0x000000070fe00000, 0x000000070fe00000, 0x000000070ff00000|  0%| F|  |TAMS 0x000000070fe00000, 0x000000070fe00000| Untracked 
| 241|0x000000070ff00000, 0x000000070ff00000, 0x0000000710000000|  0%| F|  |TAMS 0x000000070ff00000, 0x000000070ff00000| Untracked 
| 242|0x0000000710000000, 0x0000000710000000, 0x0000000710100000|  0%| F|  |TAMS 0x0000000710000000, 0x0000000710000000| Untracked 
| 243|0x0000000710100000, 0x0000000710100000, 0x0000000710200000|  0%| F|  |TAMS 0x0000000710100000, 0x0000000710100000| Untracked 
| 244|0x0000000710200000, 0x0000000710200000, 0x0000000710300000|  0%| F|  |TAMS 0x0000000710200000, 0x0000000710200000| Untracked 
| 245|0x0000000710300000, 0x0000000710300000, 0x0000000710400000|  0%| F|  |TAMS 0x0000000710300000, 0x0000000710300000| Untracked 
| 246|0x0000000710400000, 0x0000000710400000, 0x0000000710500000|  0%| F|  |TAMS 0x0000000710400000, 0x0000000710400000| Untracked 
| 247|0x0000000710500000, 0x0000000710500000, 0x0000000710600000|  0%| F|  |TAMS 0x0000000710500000, 0x0000000710500000| Untracked 
| 248|0x0000000710600000, 0x0000000710600000, 0x0000000710700000|  0%| F|  |TAMS 0x0000000710600000, 0x0000000710600000| Untracked 
| 249|0x0000000710700000, 0x0000000710700000, 0x0000000710800000|  0%| F|  |TAMS 0x0000000710700000, 0x0000000710700000| Untracked 
| 250|0x0000000710800000, 0x0000000710800000, 0x0000000710900000|  0%| F|  |TAMS 0x0000000710800000, 0x0000000710800000| Untracked 
| 251|0x0000000710900000, 0x0000000710900000, 0x0000000710a00000|  0%| F|  |TAMS 0x0000000710900000, 0x0000000710900000| Untracked 
| 252|0x0000000710a00000, 0x0000000710a00000, 0x0000000710b00000|  0%| F|  |TAMS 0x0000000710a00000, 0x0000000710a00000| Untracked 
| 253|0x0000000710b00000, 0x0000000710b00000, 0x0000000710c00000|  0%| F|  |TAMS 0x0000000710b00000, 0x0000000710b00000| Untracked 
| 254|0x0000000710c00000, 0x0000000710c00000, 0x0000000710d00000|  0%| F|  |TAMS 0x0000000710c00000, 0x0000000710c00000| Untracked 
| 255|0x0000000710d00000, 0x0000000710d00000, 0x0000000710e00000|  0%| F|  |TAMS 0x0000000710d00000, 0x0000000710d00000| Untracked 
| 256|0x0000000710e00000, 0x0000000710e00000, 0x0000000710f00000|  0%| F|  |TAMS 0x0000000710e00000, 0x0000000710e00000| Untracked 
| 257|0x0000000710f00000, 0x0000000710f89d80, 0x0000000711000000| 53%| E|  |TAMS 0x0000000710f00000, 0x0000000710f00000| Complete 
| 258|0x0000000711000000, 0x0000000711100000, 0x0000000711100000|100%| E|CS|TAMS 0x0000000711000000, 0x0000000711000000| Complete 
| 259|0x0000000711100000, 0x0000000711200000, 0x0000000711200000|100%| E|CS|TAMS 0x0000000711100000, 0x0000000711100000| Complete 
| 260|0x0000000711200000, 0x0000000711300000, 0x0000000711300000|100%| E|CS|TAMS 0x0000000711200000, 0x0000000711200000| Complete 
| 261|0x0000000711300000, 0x0000000711400000, 0x0000000711400000|100%| E|CS|TAMS 0x0000000711300000, 0x0000000711300000| Complete 
| 262|0x0000000711400000, 0x0000000711500000, 0x0000000711500000|100%| E|CS|TAMS 0x0000000711400000, 0x0000000711400000| Complete 
| 263|0x0000000711500000, 0x0000000711600000, 0x0000000711600000|100%| E|CS|TAMS 0x0000000711500000, 0x0000000711500000| Complete 
| 264|0x0000000711600000, 0x0000000711700000, 0x0000000711700000|100%| E|CS|TAMS 0x0000000711600000, 0x0000000711600000| Complete 
| 265|0x0000000711700000, 0x0000000711800000, 0x0000000711800000|100%| E|CS|TAMS 0x0000000711700000, 0x0000000711700000| Complete 
| 266|0x0000000711800000, 0x0000000711900000, 0x0000000711900000|100%| E|CS|TAMS 0x0000000711800000, 0x0000000711800000| Complete 
| 267|0x0000000711900000, 0x0000000711a00000, 0x0000000711a00000|100%| E|CS|TAMS 0x0000000711900000, 0x0000000711900000| Complete 
| 268|0x0000000711a00000, 0x0000000711b00000, 0x0000000711b00000|100%| E|CS|TAMS 0x0000000711a00000, 0x0000000711a00000| Complete 
| 269|0x0000000711b00000, 0x0000000711c00000, 0x0000000711c00000|100%| E|CS|TAMS 0x0000000711b00000, 0x0000000711b00000| Complete 
| 270|0x0000000711c00000, 0x0000000711d00000, 0x0000000711d00000|100%| E|CS|TAMS 0x0000000711c00000, 0x0000000711c00000| Complete 
| 271|0x0000000711d00000, 0x0000000711e00000, 0x0000000711e00000|100%| E|CS|TAMS 0x0000000711d00000, 0x0000000711d00000| Complete 
| 272|0x0000000711e00000, 0x0000000711f00000, 0x0000000711f00000|100%| E|CS|TAMS 0x0000000711e00000, 0x0000000711e00000| Complete 
| 273|0x0000000711f00000, 0x0000000712000000, 0x0000000712000000|100%| E|CS|TAMS 0x0000000711f00000, 0x0000000711f00000| Complete 
| 274|0x0000000712000000, 0x0000000712100000, 0x0000000712100000|100%| E|CS|TAMS 0x0000000712000000, 0x0000000712000000| Complete 
| 275|0x0000000712100000, 0x0000000712200000, 0x0000000712200000|100%| E|CS|TAMS 0x0000000712100000, 0x0000000712100000| Complete 
| 276|0x0000000712200000, 0x0000000712300000, 0x0000000712300000|100%| E|CS|TAMS 0x0000000712200000, 0x0000000712200000| Complete 
| 277|0x0000000712300000, 0x0000000712400000, 0x0000000712400000|100%| E|CS|TAMS 0x0000000712300000, 0x0000000712300000| Complete 
| 278|0x0000000712400000, 0x0000000712500000, 0x0000000712500000|100%| E|CS|TAMS 0x0000000712400000, 0x0000000712400000| Complete 
| 279|0x0000000712500000, 0x0000000712600000, 0x0000000712600000|100%| E|CS|TAMS 0x0000000712500000, 0x0000000712500000| Complete 
| 280|0x0000000712600000, 0x0000000712700000, 0x0000000712700000|100%| E|CS|TAMS 0x0000000712600000, 0x0000000712600000| Complete 
| 281|0x0000000712700000, 0x0000000712800000, 0x0000000712800000|100%| E|CS|TAMS 0x0000000712700000, 0x0000000712700000| Complete 
| 282|0x0000000712800000, 0x0000000712900000, 0x0000000712900000|100%| E|CS|TAMS 0x0000000712800000, 0x0000000712800000| Complete 
| 283|0x0000000712900000, 0x0000000712a00000, 0x0000000712a00000|100%| E|CS|TAMS 0x0000000712900000, 0x0000000712900000| Complete 
| 284|0x0000000712a00000, 0x0000000712b00000, 0x0000000712b00000|100%| E|CS|TAMS 0x0000000712a00000, 0x0000000712a00000| Complete 
| 285|0x0000000712b00000, 0x0000000712c00000, 0x0000000712c00000|100%| E|CS|TAMS 0x0000000712b00000, 0x0000000712b00000| Complete 
| 286|0x0000000712c00000, 0x0000000712d00000, 0x0000000712d00000|100%| E|CS|TAMS 0x0000000712c00000, 0x0000000712c00000| Complete 
| 287|0x0000000712d00000, 0x0000000712e00000, 0x0000000712e00000|100%| E|CS|TAMS 0x0000000712d00000, 0x0000000712d00000| Complete 
| 288|0x0000000712e00000, 0x0000000712f00000, 0x0000000712f00000|100%| E|CS|TAMS 0x0000000712e00000, 0x0000000712e00000| Complete 
| 289|0x0000000712f00000, 0x0000000713000000, 0x0000000713000000|100%| E|CS|TAMS 0x0000000712f00000, 0x0000000712f00000| Complete 
| 290|0x0000000713000000, 0x0000000713100000, 0x0000000713100000|100%| E|CS|TAMS 0x0000000713000000, 0x0000000713000000| Complete 
| 291|0x0000000713100000, 0x0000000713200000, 0x0000000713200000|100%| E|CS|TAMS 0x0000000713100000, 0x0000000713100000| Complete 
| 292|0x0000000713200000, 0x0000000713300000, 0x0000000713300000|100%| E|CS|TAMS 0x0000000713200000, 0x0000000713200000| Complete 
| 293|0x0000000713300000, 0x0000000713400000, 0x0000000713400000|100%| E|CS|TAMS 0x0000000713300000, 0x0000000713300000| Complete 
| 294|0x0000000713400000, 0x0000000713500000, 0x0000000713500000|100%| E|CS|TAMS 0x0000000713400000, 0x0000000713400000| Complete 
| 295|0x0000000713500000, 0x0000000713600000, 0x0000000713600000|100%| E|CS|TAMS 0x0000000713500000, 0x0000000713500000| Complete 
| 296|0x0000000713600000, 0x0000000713700000, 0x0000000713700000|100%| E|  |TAMS 0x0000000713600000, 0x0000000713600000| Complete 
| 297|0x0000000713700000, 0x0000000713800000, 0x0000000713800000|100%| E|CS|TAMS 0x0000000713700000, 0x0000000713700000| Complete 
| 298|0x0000000713800000, 0x0000000713900000, 0x0000000713900000|100%| E|CS|TAMS 0x0000000713800000, 0x0000000713800000| Complete 
| 299|0x0000000713900000, 0x0000000713a00000, 0x0000000713a00000|100%| E|CS|TAMS 0x0000000713900000, 0x0000000713900000| Complete 
| 300|0x0000000713a00000, 0x0000000713b00000, 0x0000000713b00000|100%| E|CS|TAMS 0x0000000713a00000, 0x0000000713a00000| Complete 
| 301|0x0000000713b00000, 0x0000000713c00000, 0x0000000713c00000|100%| E|CS|TAMS 0x0000000713b00000, 0x0000000713b00000| Complete 
| 302|0x0000000713c00000, 0x0000000713d00000, 0x0000000713d00000|100%| E|CS|TAMS 0x0000000713c00000, 0x0000000713c00000| Complete 
| 303|0x0000000713d00000, 0x0000000713e00000, 0x0000000713e00000|100%| E|CS|TAMS 0x0000000713d00000, 0x0000000713d00000| Complete 
| 304|0x0000000713e00000, 0x0000000713f00000, 0x0000000713f00000|100%| E|CS|TAMS 0x0000000713e00000, 0x0000000713e00000| Complete 
| 305|0x0000000713f00000, 0x0000000714000000, 0x0000000714000000|100%| E|CS|TAMS 0x0000000713f00000, 0x0000000713f00000| Complete 
| 306|0x0000000714000000, 0x0000000714100000, 0x0000000714100000|100%| E|CS|TAMS 0x0000000714000000, 0x0000000714000000| Complete 
| 307|0x0000000714100000, 0x0000000714200000, 0x0000000714200000|100%| E|CS|TAMS 0x0000000714100000, 0x0000000714100000| Complete 

Card table byte_map: [0x00000163f2550000,0x00000163f2d50000] _byte_map_base: 0x00000163eed49000

Marking Bits (Prev, Next): (CMBitMap*) 0x00000163e91f21a0, (CMBitMap*) 0x00000163e91f2168
 Prev Bits: [0x00000163f7520000, 0x00000163fb4e8000)
 Next Bits: [0x00000163f3550000, 0x00000163f7518000)

Polling page: 0x00000163e7110000

Metaspace:

Usage:
  Non-class:     62.10 MB capacity,    59.61 MB ( 96%) used,     2.34 MB (  4%) free+waste,   160.63 KB ( <1%) overhead. 
      Class:      8.00 MB capacity,     7.05 MB ( 88%) used,   884.65 KB ( 11%) free+waste,    78.13 KB ( <1%) overhead. 
       Both:     70.10 MB capacity,    66.66 MB ( 95%) used,     3.20 MB (  5%) free+waste,   238.75 KB ( <1%) overhead. 

Virtual space:
  Non-class space:       64.00 MB reserved,      62.17 MB ( 97%) committed 
      Class space:        1.00 GB reserved,       8.00 MB ( <1%) committed 
             Both:        1.06 GB reserved,      70.17 MB (  6%) committed 

Chunk freelists:
   Non-Class:  1.00 KB
       Class:  640 bytes
        Both:  1.63 KB

CodeHeap 'non-profiled nmethods': size=119168Kb used=3700Kb max_used=3700Kb free=115468Kb
 bounds [0x0000016387ba0000, 0x0000016387f40000, 0x000001638f000000]
CodeHeap 'profiled nmethods': size=119168Kb used=14585Kb max_used=14585Kb free=104582Kb
 bounds [0x0000016380740000, 0x0000016381590000, 0x0000016387ba0000]
CodeHeap 'non-nmethods': size=7424Kb used=2630Kb max_used=3002Kb free=4793Kb
 bounds [0x0000016380000000, 0x0000016380300000, 0x0000016380740000]
 total_blobs=9293 nmethods=5725 adapters=804
 compilation: enabled
              stopped_count=0, restarted_count=0
 full_count=0

Compilation events (10 events):
Event: 6.379 Thread 0x00000163ff153800 6357       1       ch.qos.logback.classic.spi.LoggingEvent::getLoggerName (5 bytes)
Event: 6.379 Thread 0x00000163fef52000 6359       1       ch.qos.logback.classic.spi.LoggingEvent::getThrowableProxy (5 bytes)
Event: 6.379 Thread 0x00000163ff153800 nmethod 6357 0x0000016387f34190 code [0x0000016387f34340, 0x0000016387f34458]
Event: 6.379 Thread 0x00000163fef52000 nmethod 6359 0x0000016387f34510 code [0x0000016387f346c0, 0x0000016387f347d8]
Event: 6.380 Thread 0x00000163ff154000 nmethod 6358 0x0000016381579710 code [0x0000016381579900, 0x0000016381579d70]
Event: 6.380 Thread 0x000001639b057800 6360 %     4       sun.nio.fs.WindowsPathParser::normalize @ 18 (233 bytes)
Event: 6.380 Thread 0x000001639127c800 nmethod 6354 0x0000016387f34890 code [0x0000016387f34a40, 0x0000016387f34b28]
Event: 6.380 Thread 0x00000163fef52000 6361       3       java.util.zip.ZipFile$Source::initCEN (606 bytes)
Event: 6.381 Thread 0x00000163ff153800 6362       3       sun.nio.fs.WindowsPath::normalize (365 bytes)
Event: 6.383 Thread 0x00000163fef52000 nmethod 6361 0x0000016381579f10 code [0x000001638157a4a0, 0x000001638157d5a0]

GC Heap History (10 events):
Event: 2.980 GC heap before
{Heap before GC invocations=4 (full 0):
 garbage-first heap   total 262144K, used 58202K [0x0000000700e00000, 0x0000000800000000)
  region size 1024K, 47 young (48128K), 3 survivors (3072K)
 Metaspace       used 34089K, capacity 34837K, committed 34992K, reserved 1081344K
  class space    used 3748K, capacity 4048K, committed 4096K, reserved 1048576K
}
Event: 2.984 GC heap after
{Heap after GC invocations=5 (full 0):
 garbage-first heap   total 262144K, used 18492K [0x0000000700e00000, 0x0000000800000000)
  region size 1024K, 6 young (6144K), 6 survivors (6144K)
 Metaspace       used 34089K, capacity 34837K, committed 34992K, reserved 1081344K
  class space    used 3748K, capacity 4048K, committed 4096K, reserved 1048576K
}
Event: 3.001 GC heap before
{Heap before GC invocations=5 (full 0):
 garbage-first heap   total 262144K, used 24636K [0x0000000700e00000, 0x0000000800000000)
  region size 1024K, 9 young (9216K), 6 survivors (6144K)
 Metaspace       used 35050K, capacity 35744K, committed 35920K, reserved 1081344K
  class space    used 3764K, capacity 4048K, committed 4096K, reserved 1048576K
}
Event: 3.005 GC heap after
{Heap after GC invocations=6 (full 0):
 garbage-first heap   total 262144K, used 20363K [0x0000000700e00000, 0x0000000800000000)
  region size 1024K, 6 young (6144K), 6 survivors (6144K)
 Metaspace       used 35050K, capacity 35744K, committed 35920K, reserved 1081344K
  class space    used 3764K, capacity 4048K, committed 4096K, reserved 1048576K
}
Event: 3.652 GC heap before
{Heap before GC invocations=7 (full 0):
 garbage-first heap   total 262144K, used 114571K [0x0000000700e00000, 0x0000000800000000)
  region size 1024K, 94 young (96256K), 6 survivors (6144K)
 Metaspace       used 46734K, capacity 47500K, committed 47664K, reserved 1091584K
  class space    used 4799K, capacity 5132K, committed 5248K, reserved 1048576K
}
Event: 3.659 GC heap after
{Heap after GC invocations=8 (full 0):
 garbage-first heap   total 262144K, used 28722K [0x0000000700e00000, 0x0000000800000000)
  region size 1024K, 11 young (11264K), 11 survivors (11264K)
 Metaspace       used 46734K, capacity 47500K, committed 47664K, reserved 1091584K
  class space    used 4799K, capacity 5132K, committed 5248K, reserved 1048576K
}
Event: 5.061 GC heap before
{Heap before GC invocations=9 (full 0):
 garbage-first heap   total 262144K, used 205874K [0x0000000700e00000, 0x0000000800000000)
  region size 1024K, 153 young (156672K), 11 survivors (11264K)
 Metaspace       used 58848K, capacity 59818K, committed 59952K, reserved 1101824K
  class space    used 6272K, capacity 6686K, committed 6784K, reserved 1048576K
}
Event: 5.088 GC heap after
{Heap after GC invocations=10 (full 0):
 garbage-first heap   total 315392K, used 82986K [0x0000000700e00000, 0x0000000800000000)
  region size 1024K, 20 young (20480K), 20 survivors (20480K)
 Metaspace       used 58848K, capacity 59818K, committed 59952K, reserved 1101824K
  class space    used 6272K, capacity 6686K, committed 6784K, reserved 1048576K
}
Event: 5.869 GC heap before
{Heap before GC invocations=10 (full 0):
 garbage-first heap   total 315392K, used 214058K [0x0000000700e00000, 0x0000000800000000)
  region size 1024K, 145 young (148480K), 20 survivors (20480K)
 Metaspace       used 63474K, capacity 65433K, committed 65712K, reserved 1107968K
  class space    used 6787K, capacity 7340K, committed 7424K, reserved 1048576K
}
Event: 5.887 GC heap after
{Heap after GC invocations=11 (full 0):
 garbage-first heap   total 315392K, used 151384K [0x0000000700e00000, 0x0000000800000000)
  region size 1024K, 19 young (19456K), 19 survivors (19456K)
 Metaspace       used 63474K, capacity 65433K, committed 65712K, reserved 1107968K
  class space    used 6787K, capacity 7340K, committed 7424K, reserved 1048576K
}

Deoptimization events (10 events):
Event: 6.218 Thread 0x00000163e918d800 Uncommon trap: reason=profile_predicate action=maybe_recompile pc=0x0000016387ee5cb8 method=jdk.internal.jimage.ImageStringsReader.charsFromByteBuffer([CLjava/nio/ByteBuffer;)V @ 6 c2
Event: 6.218 Thread 0x00000163e918d800 Uncommon trap: reason=profile_predicate action=maybe_recompile pc=0x0000016387eebdcc method=jdk.internal.jimage.ImageStringsReader.charsFromByteBuffer([CLjava/nio/ByteBuffer;)V @ 6 c2
Event: 6.218 Thread 0x00000163e918d800 Uncommon trap: reason=profile_predicate action=maybe_recompile pc=0x0000016387ede254 method=jdk.internal.jimage.ImageStringsReader.charsFromByteBuffer([CLjava/nio/ByteBuffer;)V @ 6 c2
Event: 6.222 Thread 0x000001639b428000 Uncommon trap: reason=profile_predicate action=maybe_recompile pc=0x0000016387f0d62c method=dd.ab(II)V @ 869 c2
Event: 6.262 Thread 0x000001639b428000 Uncommon trap: reason=profile_predicate action=maybe_recompile pc=0x0000016387f0d62c method=dd.ab(II)V @ 869 c2
Event: 6.303 Thread 0x000001639b428000 Uncommon trap: reason=profile_predicate action=maybe_recompile pc=0x0000016387f1a21c method=dd.ab(II)V @ 907 c2
Event: 6.304 Thread 0x000001639b428000 Uncommon trap: reason=profile_predicate action=maybe_recompile pc=0x0000016387f1ca30 method=dd.ab(II)V @ 1105 c2
Event: 6.342 Thread 0x000001639b428000 Uncommon trap: reason=profile_predicate action=maybe_recompile pc=0x0000016387f2eacc method=dd.ab(II)V @ 907 c2
Event: 6.342 Thread 0x000001639b428000 Uncommon trap: reason=profile_predicate action=maybe_recompile pc=0x0000016387f1ca30 method=dd.ab(II)V @ 1105 c2
Event: 6.381 Thread 0x000001639b428000 Uncommon trap: reason=profile_predicate action=maybe_recompile pc=0x0000016387f1a21c method=dd.ab(II)V @ 907 c2

Classes redefined (0 events):
No events

Internal exceptions (10 events):
Event: 5.990 Thread 0x00000163e918d800 Exception <a 'java/lang/IncompatibleClassChangeError'{0x0000000713ab7460}: Found class java.lang.Object, but interface was expected> (0x0000000713ab7460) thrown at [t:/workspace/open/src/hotspot/share/interpreter/linkResolver.cpp, line 838]
Event: 5.990 Thread 0x00000163e918d800 Exception <a 'java/lang/IncompatibleClassChangeError'{0x0000000713ab9ea0}: Found class java.lang.Object, but interface was expected> (0x0000000713ab9ea0) thrown at [t:/workspace/open/src/hotspot/share/interpreter/linkResolver.cpp, line 838]
Event: 5.991 Thread 0x00000163e918d800 Exception <a 'java/lang/IncompatibleClassChangeError'{0x0000000713abc8e0}: Found class java.lang.Object, but interface was expected> (0x0000000713abc8e0) thrown at [t:/workspace/open/src/hotspot/share/interpreter/linkResolver.cpp, line 838]
Event: 5.991 Thread 0x00000163e918d800 Exception <a 'java/lang/IncompatibleClassChangeError'{0x0000000713abf320}: Found class java.lang.Object, but interface was expected> (0x0000000713abf320) thrown at [t:/workspace/open/src/hotspot/share/interpreter/linkResolver.cpp, line 838]
Event: 5.991 Thread 0x00000163e918d800 Exception <a 'java/lang/IncompatibleClassChangeError'{0x0000000713ac1e98}: Found class java.lang.Object, but interface was expected> (0x0000000713ac1e98) thrown at [t:/workspace/open/src/hotspot/share/interpreter/linkResolver.cpp, line 838]
Event: 5.991 Thread 0x00000163e918d800 Exception <a 'java/lang/IncompatibleClassChangeError'{0x0000000713ac48d8}: Found class java.lang.Object, but interface was expected> (0x0000000713ac48d8) thrown at [t:/workspace/open/src/hotspot/share/interpreter/linkResolver.cpp, line 838]
Event: 5.991 Thread 0x00000163e918d800 Exception <a 'java/lang/IncompatibleClassChangeError'{0x0000000713ac7320}: Found class java.lang.Object, but interface was expected> (0x0000000713ac7320) thrown at [t:/workspace/open/src/hotspot/share/interpreter/linkResolver.cpp, line 838]
Event: 5.991 Thread 0x00000163e918d800 Exception <a 'java/lang/IncompatibleClassChangeError'{0x0000000713ac9d68}: Found class java.lang.Object, but interface was expected> (0x0000000713ac9d68) thrown at [t:/workspace/open/src/hotspot/share/interpreter/linkResolver.cpp, line 838]
Event: 6.097 Thread 0x00000163e918d800 Exception <a 'java/lang/NoSuchMethodError'{0x0000000712ce7438}: java.lang.invoke.DirectMethodHandle$Holder.newInvokeSpecial(Ljava/lang/Object;I)Ljava/lang/Object;> (0x0000000712ce7438) thrown at [t:/workspace/open/src/hotspot/share/interpreter/linkResolve
Event: 6.098 Thread 0x00000163e918d800 Exception <a 'java/lang/NoSuchMethodError'{0x0000000712cec920}: java.lang.invoke.DirectMethodHandle$Holder.invokeStaticInit(Ljava/lang/Object;I)Ljava/lang/Object;> (0x0000000712cec920) thrown at [t:/workspace/open/src/hotspot/share/interpreter/linkResolve

Events (10 events):
Event: 6.369 loading class com/toofifty/easygiantsfoundry/MouldHelper done
Event: 6.370 loading class com/toofifty/easygiantsfoundry/EasyGiantsFoundryConfig
Event: 6.370 loading class com/toofifty/easygiantsfoundry/EasyGiantsFoundryConfig done
Event: 6.372 loading class com/toofifty/easygiantsfoundry/enums/Heat
Event: 6.372 loading class com/toofifty/easygiantsfoundry/enums/Heat done
Event: 6.381 loading class com/questhelper/QuestHelperPlugin
Event: 6.381 loading class com/questhelper/QuestHelperPlugin done
Event: 6.381 Thread 0x000001639b428000 Uncommon trap: trap_request=0xffffffbe fr.pc=0x0000016387f1a21c relative=0x00000000000017fc
Event: 6.381 Thread 0x000001639b428000 DEOPT PACKING pc=0x0000016387f1a21c sp=0x0000001d6b4ff140
Event: 6.381 Thread 0x000001639b428000 DEOPT UNPACKING pc=0x00000163800291af sp=0x0000001d6b4ff0c0 mode 2


Dynamic libraries:
0x00007ff7f5ec0000 - 0x00007ff7f5f07000 	C:\Program Files\Java\jdk-11.0.2\bin\java.exe
0x00007ff9b44b0000 - 0x00007ff9b46a7000 	C:\WINDOWS\SYSTEM32\ntdll.dll
0x00007ff9b2810000 - 0x00007ff9b28cd000 	C:\WINDOWS\System32\KERNEL32.DLL
0x00007ff9b1e50000 - 0x00007ff9b2146000 	C:\WINDOWS\System32\KERNELBASE.dll
0x00007ff9b43c0000 - 0x00007ff9b446e000 	C:\WINDOWS\System32\ADVAPI32.dll
0x00007ff9b2ad0000 - 0x00007ff9b2b6e000 	C:\WINDOWS\System32\msvcrt.dll
0x00007ff9b3660000 - 0x00007ff9b36fc000 	C:\WINDOWS\System32\sechost.dll
0x00007ff9b2dd0000 - 0x00007ff9b2ef6000 	C:\WINDOWS\System32\RPCRT4.dll
0x00007ff9b2ba0000 - 0x00007ff9b2d3e000 	C:\WINDOWS\System32\USER32.dll
0x00007ff9b1be0000 - 0x00007ff9b1c02000 	C:\WINDOWS\System32\win32u.dll
0x00007ff9b28d0000 - 0x00007ff9b28fc000 	C:\WINDOWS\System32\GDI32.dll
0x00007ff9b1d30000 - 0x00007ff9b1e4a000 	C:\WINDOWS\System32\gdi32full.dll
0x00007ff9b2470000 - 0x00007ff9b250d000 	C:\WINDOWS\System32\msvcp_win.dll
0x00007ff9b2150000 - 0x00007ff9b2250000 	C:\WINDOWS\System32\ucrtbase.dll
0x00007ff992320000 - 0x00007ff9925ba000 	C:\WINDOWS\WinSxS\amd64_microsoft.windows.common-controls_6595b64144ccf1df_6.0.19041.3570_none_60bb2a3971f3e41a\COMCTL32.dll
0x00007ff9a9050000 - 0x00007ff9a905a000 	C:\WINDOWS\SYSTEM32\VERSION.dll
0x00007ff9b2b70000 - 0x00007ff9b2ba0000 	C:\WINDOWS\System32\IMM32.DLL
0x00007ff999e60000 - 0x00007ff999e76000 	C:\Program Files\Java\jdk-11.0.2\bin\vcruntime140.dll
0x00007ff979ed0000 - 0x00007ff979f7a000 	C:\Program Files\Java\jdk-11.0.2\bin\msvcp140.dll
0x00007ff9225a0000 - 0x00007ff9230c7000 	C:\Program Files\Java\jdk-11.0.2\bin\server\jvm.dll
0x00007ff9b3f90000 - 0x00007ff9b3f98000 	C:\WINDOWS\System32\PSAPI.DLL
0x00007ff9a6740000 - 0x00007ff9a6749000 	C:\WINDOWS\SYSTEM32\WSOCK32.dll
0x00007ff9a8d10000 - 0x00007ff9a8d37000 	C:\WINDOWS\SYSTEM32\WINMM.dll
0x00007ff9b2d60000 - 0x00007ff9b2dcb000 	C:\WINDOWS\System32\WS2_32.dll
0x00007ff9b0380000 - 0x00007ff9b0392000 	C:\WINDOWS\SYSTEM32\kernel.appcore.dll
0x00007ff998ef0000 - 0x00007ff998f01000 	C:\Program Files\Java\jdk-11.0.2\bin\verify.dll
0x00007ff9af850000 - 0x00007ff9afa34000 	C:\WINDOWS\SYSTEM32\DBGHELP.DLL
0x00007ff9a26b0000 - 0x00007ff9a26e4000 	C:\WINDOWS\SYSTEM32\dbgcore.DLL
0x00007ff9b2280000 - 0x00007ff9b2302000 	C:\WINDOWS\System32\bcryptPrimitives.dll
0x00007ff998a00000 - 0x00007ff998a29000 	C:\Program Files\Java\jdk-11.0.2\bin\java.dll
0x00007ff998870000 - 0x00007ff998886000 	C:\Program Files\Java\jdk-11.0.2\bin\zip.dll
0x00007ff9ae150000 - 0x00007ff9ae15a000 	C:\Program Files\Java\jdk-11.0.2\bin\jimage.dll
0x00007ff9b2f00000 - 0x00007ff9b3644000 	C:\WINDOWS\System32\SHELL32.dll
0x00007ff9afbd0000 - 0x00007ff9b036b000 	C:\WINDOWS\SYSTEM32\windows.storage.dll
0x00007ff9b3760000 - 0x00007ff9b3ab4000 	C:\WINDOWS\System32\combase.dll
0x00007ff9b14f0000 - 0x00007ff9b151d000 	C:\WINDOWS\SYSTEM32\Wldp.dll
0x00007ff9b4310000 - 0x00007ff9b43bd000 	C:\WINDOWS\System32\SHCORE.dll
0x00007ff9b3700000 - 0x00007ff9b3755000 	C:\WINDOWS\System32\shlwapi.dll
0x00007ff9b1ac0000 - 0x00007ff9b1ae5000 	C:\WINDOWS\SYSTEM32\profapi.dll
0x00007ff9984c0000 - 0x00007ff9984d9000 	C:\Program Files\Java\jdk-11.0.2\bin\net.dll
0x00007ff9a4e80000 - 0x00007ff9a506d000 	C:\WINDOWS\SYSTEM32\urlmon.dll
0x00007ff9ab130000 - 0x00007ff9ab23a000 	C:\WINDOWS\SYSTEM32\WINHTTP.dll
0x00007ff9a4bc0000 - 0x00007ff9a4e7c000 	C:\WINDOWS\SYSTEM32\iertutil.dll
0x00007ff9a4b90000 - 0x00007ff9a4bb9000 	C:\WINDOWS\SYSTEM32\srvcli.dll
0x00007ff9b0fd0000 - 0x00007ff9b0fdc000 	C:\WINDOWS\SYSTEM32\netutils.dll
0x00007ff9b12d0000 - 0x00007ff9b133a000 	C:\WINDOWS\system32\mswsock.dll
0x00007ff997cd0000 - 0x00007ff997ce3000 	C:\Program Files\Java\jdk-11.0.2\bin\nio.dll
0x00007ff997c50000 - 0x00007ff997c77000 	C:\Program Files\Java\jdk-11.0.2\bin\sunec.dll
0x00007ff999b10000 - 0x00007ff999b1d000 	C:\Program Files\Java\jdk-11.0.2\bin\sunmscapi.dll
0x00007ff9b2310000 - 0x00007ff9b246d000 	C:\WINDOWS\System32\CRYPT32.dll
0x00007ff9b1640000 - 0x00007ff9b1667000 	C:\WINDOWS\SYSTEM32\ncrypt.dll
0x00007ff9b1600000 - 0x00007ff9b163b000 	C:\WINDOWS\SYSTEM32\NTASN1.dll
0x00007ff9b1760000 - 0x00007ff9b1772000 	C:\WINDOWS\SYSTEM32\MSASN1.dll
0x00007ff9b1530000 - 0x00007ff9b1548000 	C:\WINDOWS\SYSTEM32\CRYPTSP.dll
0x00007ff9b0b90000 - 0x00007ff9b0bc4000 	C:\WINDOWS\system32\rsaenh.dll
0x00007ff9b2250000 - 0x00007ff9b2277000 	C:\WINDOWS\System32\bcrypt.dll
0x00007ff9b1460000 - 0x00007ff9b146c000 	C:\WINDOWS\SYSTEM32\CRYPTBASE.dll
0x00007ff9b03a0000 - 0x00007ff9b03c3000 	C:\WINDOWS\SYSTEM32\gpapi.dll
0x00007ff9b1a40000 - 0x00007ff9b1a6e000 	C:\WINDOWS\SYSTEM32\USERENV.dll
0x00007ff9b0f90000 - 0x00007ff9b0fcb000 	C:\WINDOWS\SYSTEM32\IPHLPAPI.DLL
0x00007ff9b2900000 - 0x00007ff9b2908000 	C:\WINDOWS\System32\NSI.dll
0x00007ff9abd70000 - 0x00007ff9abd87000 	C:\WINDOWS\SYSTEM32\dhcpcsvc6.DLL
0x00007ff9abc20000 - 0x00007ff9abc3d000 	C:\WINDOWS\SYSTEM32\dhcpcsvc.DLL
0x00007ff9b0fe0000 - 0x00007ff9b10aa000 	C:\WINDOWS\SYSTEM32\DNSAPI.dll
0x00007ff975880000 - 0x00007ff975a1f000 	C:\Program Files\Java\jdk-11.0.2\bin\awt.dll
0x00007ff9b2910000 - 0x00007ff9b29dd000 	C:\WINDOWS\System32\OLEAUT32.dll
0x00007ff9adb20000 - 0x00007ff9ae0e0000 	C:\WINDOWS\SYSTEM32\d2d1.dll
0x00007ff9aeec0000 - 0x00007ff9aef50000 	C:\WINDOWS\SYSTEM32\apphelp.dll
0x00007ff9af040000 - 0x00007ff9af0de000 	C:\WINDOWS\system32\uxtheme.dll
0x00007ff9b25c0000 - 0x00007ff9b26d4000 	C:\WINDOWS\System32\MSCTF.dll
0x00007ff9b26e0000 - 0x00007ff9b280b000 	C:\WINDOWS\System32\ole32.dll
0x00007ff9af2c0000 - 0x00007ff9af2ef000 	C:\WINDOWS\system32\DWMAPI.DLL
0x00007ff954200000 - 0x00007ff954325000 	C:\WINDOWS\system32\opengl32.dll
0x00007ff9541d0000 - 0x00007ff9541fc000 	C:\WINDOWS\SYSTEM32\GLU32.dll
0x00007ff954000000 - 0x00007ff9541cd000 	C:\WINDOWS\system32\d3d9.dll
0x00007ff9a8d40000 - 0x00007ff9a8efb000 	C:\WINDOWS\System32\DriverStore\FileRepository\u0390451.inf_amd64_39377efdd62734d1\B390182\aticfx64.dll
0x00007ff953fc0000 - 0x00007ff953ff4000 	C:\WINDOWS\System32\DriverStore\FileRepository\u0390451.inf_amd64_39377efdd62734d1\B390182\atiu9p64.dll
0x00007ff953260000 - 0x00007ff953fb5000 	C:\WINDOWS\System32\DriverStore\FileRepository\u0390451.inf_amd64_39377efdd62734d1\B390182\atiumd64.dll
0x000000006ab60000 - 0x000000006ba87000 	C:\WINDOWS\System32\DriverStore\FileRepository\u0390451.inf_amd64_39377efdd62734d1\B390182\atiumd6a.dll
0x00007ff9b3b20000 - 0x00007ff9b3f8e000 	C:\WINDOWS\System32\SETUPAPI.dll
0x00007ff9b1b90000 - 0x00007ff9b1bde000 	C:\WINDOWS\System32\cfgmgr32.dll
0x00007ff9b1100000 - 0x00007ff9b114b000 	C:\WINDOWS\SYSTEM32\POWRPROF.dll
0x00007ff9b0f70000 - 0x00007ff9b0f82000 	C:\WINDOWS\SYSTEM32\UMPDC.dll
0x00007ff9a66f0000 - 0x00007ff9a6725000 	C:\WINDOWS\SYSTEM32\amdihk64.dll
0x00007ff9a8ff0000 - 0x00007ff9a902b000 	C:\WINDOWS\SYSTEM32\dxcore.dll
0x00007ff979c20000 - 0x00007ff979ca0000 	C:\Program Files\Java\jdk-11.0.2\bin\freetype.dll
0x00007ff97d100000 - 0x00007ff97d16f000 	C:\Program Files\Java\jdk-11.0.2\bin\fontmanager.dll
0x00007ff9a4790000 - 0x00007ff9a488a000 	C:\WINDOWS\SYSTEM32\textinputframework.dll
0x00007ff9aeba0000 - 0x00007ff9aec92000 	C:\WINDOWS\System32\CoreMessaging.dll
0x00007ff9ae840000 - 0x00007ff9aeb9b000 	C:\WINDOWS\System32\CoreUIComponents.dll
0x00007ff9b0cb0000 - 0x00007ff9b0ce3000 	C:\WINDOWS\SYSTEM32\ntmarta.dll
0x00007ff9ad170000 - 0x00007ff9ad2c5000 	C:\WINDOWS\SYSTEM32\wintypes.dll
0x00007ff999250000 - 0x00007ff999259000 	C:\Program Files\Java\jdk-11.0.2\bin\management.dll
0x00007ff999210000 - 0x00007ff99921c000 	C:\Program Files\Java\jdk-11.0.2\bin\management_ext.dll
0x00007ff9a9a30000 - 0x00007ff9a9a3a000 	C:\Windows\System32\rasadhlp.dll
0x00007ff9a91e0000 - 0x00007ff9a9262000 	C:\WINDOWS\System32\fwpuclnt.dll
0x00007ff993c10000 - 0x00007ff993c54000 	C:\Users\Andrew\AppData\Local\Temp\jna-1965574029\jna13519493102459481571.dll
0x00007ff979b80000 - 0x00007ff979c1c000 	C:\Users\Andrew\AppData\Local\Temp\jna-1965574029\jna1645720120760042028.dll
0x00007ff9756e0000 - 0x00007ff97575f000 	C:\Program Files\Java\jdk-11.0.2\bin\mlib_image.dll
0x00007ff9970a0000 - 0x00007ff9970b2000 	C:\Program Files\Java\jdk-11.0.2\bin\jsound.dll
0x00007ff99bf50000 - 0x00007ff99bfec000 	C:\WINDOWS\SYSTEM32\DSOUND.dll
0x00007ff98ee70000 - 0x00007ff98ee96000 	C:\WINDOWS\SYSTEM32\winmmbase.dll
0x00007ff9b2510000 - 0x00007ff9b25b9000 	C:\WINDOWS\System32\clbcatq.dll
0x00007ff9ac2b0000 - 0x00007ff9ac335000 	C:\WINDOWS\System32\MMDevApi.dll
0x00007ff9b1920000 - 0x00007ff9b1953000 	C:\WINDOWS\System32\DEVOBJ.dll
0x00007ff93af10000 - 0x00007ff93af56000 	C:\WINDOWS\SYSTEM32\wdmaud.drv
0x00007ff93af00000 - 0x00007ff93af09000 	C:\WINDOWS\SYSTEM32\ksuser.dll
0x00007ff9ac3d0000 - 0x00007ff9ac3da000 	C:\WINDOWS\SYSTEM32\AVRT.dll
0x00007ff9ac3e0000 - 0x00007ff9ac562000 	C:\WINDOWS\SYSTEM32\AUDIOSES.DLL
0x00007ff93aef0000 - 0x00007ff93aefd000 	C:\WINDOWS\SYSTEM32\msacm32.drv
0x00007ff93aed0000 - 0x00007ff93aeee000 	C:\WINDOWS\SYSTEM32\MSACM32.dll
0x00007ff93aec0000 - 0x00007ff93aecb000 	C:\WINDOWS\SYSTEM32\midimap.dll
0x00007ff9af1c0000 - 0x00007ff9af1d4000 	C:\WINDOWS\SYSTEM32\resourcepolicyclient.dll
0x00007ff98ac40000 - 0x00007ff98ad81000 	C:\Windows\System32\Windows.UI.dll
0x00007ff98cf70000 - 0x00007ff98d0c2000 	C:\Windows\System32\InputHost.dll
0x00007ff9abb10000 - 0x00007ff9abbb1000 	C:\Windows\System32\WindowManagementAPI.dll
0x00007ff9ab6a0000 - 0x00007ff9ab8a7000 	C:\WINDOWS\SYSTEM32\twinapi.appcore.dll
0x00007ff9aceb0000 - 0x00007ff9acfa6000 	C:\Windows\System32\PROPSYS.dll
0x00007ff995fb0000 - 0x00007ff995fdd000 	C:\Program Files\Java\jdk-11.0.2\bin\javajpeg.dll

dbghelp: loaded successfully - version: 4.0.5 - missing functions: none
symbol engine: initialized successfully - sym options: 0x614 - pdb path: .;C:\Program Files\Java\jdk-11.0.2\bin;C:\WINDOWS\SYSTEM32;C:\WINDOWS\WinSxS\amd64_microsoft.windows.common-controls_6595b64144ccf1df_6.0.19041.3570_none_60bb2a3971f3e41a;C:\Program Files\Java\jdk-11.0.2\bin\server;C:\WINDOWS\System32\DriverStore\FileRepository\u0390451.inf_amd64_39377efdd62734d1\B390182;C:\Users\Andrew\AppData\Local\Temp\jna-1965574029

VM Arguments:
jvm_args: -Dfile.encoding=windows-1252 -Duser.country=US -Duser.language=en -Duser.variant -ea 
java_command: dev.pelletier2017.runelite.boltsounds.BoltSoundPluginTest
java_class_path (initial): C:\Users\Andrew\IdeaProjects\runelite-bolt-sounds\build\classes\java\test;C:\Users\Andrew\IdeaProjects\runelite-bolt-sounds\build\resources\test;C:\Users\Andrew\IdeaProjects\runelite-bolt-sounds\build\classes\java\main;C:\Users\Andrew\IdeaProjects\runelite-bolt-sounds\build\resources\main;C:\Users\Andrew\.m2\repository\junit\junit\4.12\junit-4.12.jar;C:\Users\Andrew\.gradle\caches\modules-2\files-2.1\net.runelite\client\1.10.15.1\78c9953b82794de1cbe3a5fe5c4bfb5093b18f84\client-1.10.15.1.jar;C:\Users\Andrew\.gradle\caches\modules-2\files-2.1\net.runelite\jshell\1.10.15.1\ef2a14e3cb5cbb1b967c99d305b480d49842f6ac\jshell-1.10.15.1.jar;C:\Users\Andrew\.m2\repository\org\hamcrest\hamcrest-core\1.3\hamcrest-core-1.3.jar;C:\Users\Andrew\.m2\repository\ch\qos\logback\logback-classic\1.2.9\logback-classic-1.2.9.jar;C:\Users\Andrew\.gradle\caches\modules-2\files-2.1\net.runelite\runelite-api\1.10.15.1\60326d7ef1715c7196b7d47541c980d634a9dc21\runelite-api-1.10.15.1.jar;C:\Users\Andrew\.gradle\caches\modules-2\files-2.1\net.runelite.arn\http-api\1.2.12\cfc22db3403096bafb869a3aab0a0e65ddd39c4d\http-api-1.2.12.jar;C:\Users\Andrew\.m2\repository\org\slf4j\slf4j-api\1.7.32\slf4j-api-1.7.32.jar;C:\Users\Andrew\.m2\repository\net\sf\jopt-simple\jopt-simple\5.0.1\jopt-simple-5.0.1.jar;C:\Users\Andrew\.m2\repository\com\google\inject\guice\4.1.0\guice-4.1.0-no_aop.jar;C:\Users\Andrew\.m2\repository\com\google\guava\guava\23.2-jre\guava-23.2-jre.jar;C:\Users\Andrew\.m2\repository\com\google\code\gson\gson\2.8.5\gson-2.8.5.jar;C:\Users\Andrew\.m2\repository\net\runelite\pushingpixels\substance\8.0.02\substance-8.0.02.jar;C:\Users\Andrew\.m2\repository\net\runelite\pushingpixels\trident\1.5.00\trident-1.5.00.jar;C:\Users\Andrew\.m2\repository\org\apache\commons\commons-text\1.2\commons-text-1.2.jar;C:\Users\Andrew\.m2\repository\net\runelite\archive-patcher\archive-patcher-applier\1.2\archive-patcher-applier-1.2.jar;C:\Users\Andrew\.m2\repository\net\java\dev\j
Launcher Type: SUN_STANDARD

[Global flags]
     intx CICompilerCount                          = 12                                        {product} {ergonomic}
     uint ConcGCThreads                            = 3                                         {product} {ergonomic}
     uint G1ConcRefinementThreads                  = 13                                        {product} {ergonomic}
   size_t G1HeapRegionSize                         = 1048576                                   {product} {ergonomic}
    uintx GCDrainStackTargetSize                   = 64                                        {product} {ergonomic}
   size_t InitialHeapSize                          = 268435456                                 {product} {ergonomic}
   size_t MarkStackSize                            = 4194304                                   {product} {ergonomic}
   size_t MaxHeapSize                              = 4280287232                                {product} {ergonomic}
   size_t MaxNewSize                               = 2567962624                                {product} {ergonomic}
   size_t MinHeapDeltaBytes                        = 1048576                                   {product} {ergonomic}
    uintx NonNMethodCodeHeapSize                   = 7591728                                {pd product} {ergonomic}
    uintx NonProfiledCodeHeapSize                  = 122033256                              {pd product} {ergonomic}
    uintx ProfiledCodeHeapSize                     = 122033256                              {pd product} {ergonomic}
    uintx ReservedCodeCacheSize                    = 251658240                              {pd product} {ergonomic}
     bool SegmentedCodeCache                       = true                                      {product} {ergonomic}
     bool UseCompressedClassPointers               = true                                 {lp64_product} {ergonomic}
     bool UseCompressedOops                        = true                                 {lp64_product} {ergonomic}
     bool UseG1GC                                  = true                                      {product} {ergonomic}
     bool UseLargePagesIndividualAllocation        = false                                  {pd product} {ergonomic}

Logging:
Log output configuration:
 #0: stdout all=warning uptime,level,tags
 #1: stderr all=off uptime,level,tags

Environment Variables:
JAVA_HOME=C:\Program Files\AdoptOpenJDK\jdk-11.0.9.101-hotspot\
PATH=C:\Program Files\AdoptOpenJDK\jdk-11.0.9.101-hotspot\bin;C:\Program Files (x86)\NVIDIA Corporation\PhysX\Common;C:\Program Files\Haskell\bin;C:\Program Files\Haskell Platform\8.6.3\lib\extralibs\bin;C:\Program Files\Haskell Platform\8.6.3\bin;C:\WINDOWS\system32;C:\WINDOWS;C:\WINDOWS\System32\Wbem;C:\WINDOWS\System32\WindowsPowerShell\v1.0\;F:\Putty\;C:\WINDOWS\System32\OpenSSH\;F:\matlab\bin;C:\Program Files (x86)\sbt\bin;C:\Program Files\Git\cmd;C:\Program Files\Haskell Platform\8.6.3\mingw\bin;C:\Program Files\Microsoft SQL Server\Client SDK\ODBC\170\Tools\Binn\;C:\Program Files (x86)\Microsoft SQL Server\150\Tools\Binn\;C:\Program Files\Microsoft SQL Server\150\Tools\Binn\;C:\Program Files\Microsoft SQL Server\150\DTS\Binn\;C:\Program Files\nodejs\;C:\Program Files\Azure Data Studio\bin;C:\Program Files (x86)\Microsoft SQL Server\150\DTS\Binn\;C:\Program Files\Amazon\AWSCLIV2\;C:\Program Files\Docker\Docker\resources\bin;C:\ProgramData\DockerDesktop\version-bin;C:\Users\Andrew\AppData\Local\Programs\Python\Python37-32\Scripts\;C:\Users\Andrew\AppData\Local\Programs\Python\Python37-32\;C:\Users\Andrew\AppData\Roaming\cabal\bin;C:\Users\Andrew\AppData\Roaming\local\bin;C:\Users\Andrew\AppData\Local\Microsoft\WindowsApps;F:\Microsoft VS Code\bin;C:\Program Files\Java\jdk1.8.0_191\bin;C:\Users\Andrew\AppData\Roaming\npm;C:\Program Files\Azure Data Studio\bin;C:\Users\Andrew\apache-maven-3.6.3\bin;C:\terraform;
USERNAME=Andrew
OS=Windows_NT
PROCESSOR_IDENTIFIER=AMD64 Family 23 Model 8 Stepping 2, AuthenticAMD



---------------  S Y S T E M  ---------------

OS: Windows 10 , 64 bit Build 19041 (10.0.19041.3570)

CPU:total 16 (initial active 16) (16 cores per cpu, 2 threads per core) family 23 model 8 stepping 2, cmov, cx8, fxsr, mmx, sse, sse2, sse3, ssse3, sse4.1, sse4.2, popcnt, avx, avx2, aes, clmul, mmxext, 3dnowpref, lzcnt, sse4a, ht, tsc, tscinvbit, tscinv, bmi1, bmi2, adx, sha, fma

Memory: 4k page, system-wide physical 16320M (6591M free)
TotalPageFile size 29632M (AvailPageFile size 12371M)
current process WorkingSet (physical memory assigned to process): 588M, peak: 604M
current process commit charge ("private bytes"): 653M, peak: 671M

vm_info: Java HotSpot(TM) 64-Bit Server VM (11.0.2+9-LTS) for windows-amd64 JRE (11.0.2+9-LTS), built on Jan 18 2019 05:24:10 by "mach5one" with MS VC++ 15.5 (VS2017)

END.
